<?xml version="1.0" encoding="UTF-8"?>
<testsuite name="backendJava.client.FotoServiceMockTest" tests="4" skipped="0" failures="0" errors="0" timestamp="2022-01-20T19:38:42" hostname="MIGUELHINCAPIE" time="2.809">
  <properties/>
  <testcase name="whenValidGetAllFoto_ThenReturnListFoto()" classname="backendJava.client.FotoServiceMockTest" time="1.22"/>
  <testcase name="whenValidUpdateFoto_ThenReturnUpdatedFoto()" classname="backendJava.client.FotoServiceMockTest" time="0.936"/>
  <testcase name="whenValidDeleteFoto_ThenGetFotoReturnsNull()" classname="backendJava.client.FotoServiceMockTest" time="0.544"/>
  <testcase name="whenValidGetFotoById_ThenReturnFoto()" classname="backendJava.client.FotoServiceMockTest" time="0.106"/>
  <system-out><![CDATA[14:38:38.074 [Test worker] DEBUG org.springframework.test.context.BootstrapUtils - Instantiating CacheAwareContextLoaderDelegate from class [org.springframework.test.context.cache.DefaultCacheAwareContextLoaderDelegate]
14:38:38.091 [Test worker] DEBUG org.springframework.test.context.BootstrapUtils - Instantiating BootstrapContext using constructor [public org.springframework.test.context.support.DefaultBootstrapContext(java.lang.Class,org.springframework.test.context.CacheAwareContextLoaderDelegate)]
14:38:38.111 [Test worker] DEBUG org.springframework.test.context.BootstrapUtils - Instantiating TestContextBootstrapper for test class [backendJava.client.FotoServiceMockTest] from class [org.springframework.boot.test.context.SpringBootTestContextBootstrapper]
14:38:38.127 [Test worker] INFO org.springframework.boot.test.context.SpringBootTestContextBootstrapper - Neither @ContextConfiguration nor @ContextHierarchy found for test class [backendJava.client.FotoServiceMockTest], using SpringBootContextLoader
14:38:38.127 [Test worker] DEBUG org.springframework.test.context.support.AbstractContextLoader - Did not detect default resource location for test class [backendJava.client.FotoServiceMockTest]: class path resource [backendJava/client/FotoServiceMockTest-context.xml] does not exist
14:38:38.127 [Test worker] DEBUG org.springframework.test.context.support.AbstractContextLoader - Did not detect default resource location for test class [backendJava.client.FotoServiceMockTest]: class path resource [backendJava/client/FotoServiceMockTestContext.groovy] does not exist
14:38:38.127 [Test worker] INFO org.springframework.test.context.support.AbstractContextLoader - Could not detect default resource locations for test class [backendJava.client.FotoServiceMockTest]: no resource found for suffixes {-context.xml, Context.groovy}.
14:38:38.127 [Test worker] INFO org.springframework.test.context.support.AnnotationConfigContextLoaderUtils - Could not detect default configuration classes for test class [backendJava.client.FotoServiceMockTest]: FotoServiceMockTest does not declare any static, non-private, non-final, nested classes annotated with @Configuration.
14:38:38.170 [Test worker] DEBUG org.springframework.test.context.support.ActiveProfilesUtils - Could not find an 'annotation declaring class' for annotation type [org.springframework.test.context.ActiveProfiles] and class [backendJava.client.FotoServiceMockTest]
14:38:38.234 [Test worker] DEBUG org.springframework.context.annotation.ClassPathScanningCandidateComponentProvider - Identified candidate component class: file [C:\Users\miguel.hincapie\Downloads\springio\service-client\build\classes\java\main\backendJava\client\ServiceClientApplication.class]
14:38:38.234 [Test worker] INFO org.springframework.boot.test.context.SpringBootTestContextBootstrapper - Found @SpringBootConfiguration backendJava.client.ServiceClientApplication for test class backendJava.client.FotoServiceMockTest
14:38:38.315 [Test worker] DEBUG org.springframework.boot.test.context.SpringBootTestContextBootstrapper - @TestExecutionListeners is not present for class [backendJava.client.FotoServiceMockTest]: using defaults.
14:38:38.315 [Test worker] INFO org.springframework.boot.test.context.SpringBootTestContextBootstrapper - Loaded default TestExecutionListener class names from location [META-INF/spring.factories]: [org.springframework.boot.test.autoconfigure.restdocs.RestDocsTestExecutionListener, org.springframework.boot.test.autoconfigure.web.client.MockRestServiceServerResetTestExecutionListener, org.springframework.boot.test.autoconfigure.web.servlet.MockMvcPrintOnlyOnFailureTestExecutionListener, org.springframework.boot.test.autoconfigure.web.servlet.WebDriverTestExecutionListener, org.springframework.boot.test.autoconfigure.webservices.client.MockWebServiceServerTestExecutionListener, org.springframework.boot.test.mock.mockito.MockitoTestExecutionListener, org.springframework.boot.test.mock.mockito.ResetMocksTestExecutionListener, org.springframework.test.context.web.ServletTestExecutionListener, org.springframework.test.context.support.DirtiesContextBeforeModesTestExecutionListener, org.springframework.test.context.event.ApplicationEventsTestExecutionListener, org.springframework.test.context.support.DependencyInjectionTestExecutionListener, org.springframework.test.context.support.DirtiesContextTestExecutionListener, org.springframework.test.context.transaction.TransactionalTestExecutionListener, org.springframework.test.context.jdbc.SqlScriptsTestExecutionListener, org.springframework.test.context.event.EventPublishingTestExecutionListener]
14:38:38.331 [Test worker] INFO org.springframework.boot.test.context.SpringBootTestContextBootstrapper - Using TestExecutionListeners: [org.springframework.test.context.web.ServletTestExecutionListener@89ff02e, org.springframework.test.context.support.DirtiesContextBeforeModesTestExecutionListener@6865c751, org.springframework.test.context.event.ApplicationEventsTestExecutionListener@62679465, org.springframework.boot.test.mock.mockito.MockitoTestExecutionListener@6a988392, org.springframework.boot.test.autoconfigure.SpringBootDependencyInjectionTestExecutionListener@1d71006f, org.springframework.test.context.support.DirtiesContextTestExecutionListener@5b6813df, org.springframework.test.context.transaction.TransactionalTestExecutionListener@5f2606b, org.springframework.test.context.jdbc.SqlScriptsTestExecutionListener@2b58f754, org.springframework.test.context.event.EventPublishingTestExecutionListener@3ebff828, org.springframework.boot.test.autoconfigure.restdocs.RestDocsTestExecutionListener@2552f2cb, org.springframework.boot.test.autoconfigure.web.client.MockRestServiceServerResetTestExecutionListener@33352f32, org.springframework.boot.test.autoconfigure.web.servlet.MockMvcPrintOnlyOnFailureTestExecutionListener@5f3b9c57, org.springframework.boot.test.autoconfigure.web.servlet.WebDriverTestExecutionListener@1e044120, org.springframework.boot.test.autoconfigure.webservices.client.MockWebServiceServerTestExecutionListener@2cf23c81, org.springframework.boot.test.mock.mockito.ResetMocksTestExecutionListener@3624da92]
14:38:38.331 [Test worker] DEBUG org.springframework.test.context.support.AbstractDirtiesContextTestExecutionListener - Before test class: context [DefaultTestContext@4fcee388 testClass = FotoServiceMockTest, testInstance = [null], testMethod = [null], testException = [null], mergedContextConfiguration = [WebMergedContextConfiguration@6f80fafe testClass = FotoServiceMockTest, locations = '{}', classes = '{class backendJava.client.ServiceClientApplication}', contextInitializerClasses = '[]', activeProfiles = '{}', propertySourceLocations = '{}', propertySourceProperties = '{org.springframework.boot.test.context.SpringBootTestContextBootstrapper=true}', contextCustomizers = set[org.springframework.boot.test.autoconfigure.actuate.metrics.MetricsExportContextCustomizerFactory$DisableMetricExportContextCustomizer@386f0da3, org.springframework.boot.test.autoconfigure.properties.PropertyMappingContextCustomizer@0, org.springframework.boot.test.autoconfigure.web.servlet.WebDriverContextCustomizerFactory$Customizer@62ef27a8, org.springframework.boot.test.context.filter.ExcludeFilterContextCustomizer@25aca718, org.springframework.boot.test.json.DuplicateJsonObjectContextCustomizerFactory$DuplicateJsonObjectContextCustomizer@40238dd0, org.springframework.boot.test.mock.mockito.MockitoContextCustomizer@0, org.springframework.boot.test.web.client.TestRestTemplateContextCustomizer@6fb365ed, org.springframework.boot.test.context.SpringBootTestArgs@1, org.springframework.boot.test.context.SpringBootTestWebEnvironment@24fcf36f], resourceBasePath = 'src/main/webapp', contextLoader = 'org.springframework.boot.test.context.SpringBootContextLoader', parent = [null]], attributes = map['org.springframework.test.context.web.ServletTestExecutionListener.activateListener' -> true]], class annotated with @DirtiesContext [false] with mode [null].
14:38:38.357 [Test worker] DEBUG org.springframework.boot.ApplicationServletEnvironment - Activating profiles []
14:38:38.357 [Test worker] DEBUG org.springframework.test.context.support.TestPropertySourceUtils - Adding inlined properties to environment: {spring.jmx.enabled=false, org.springframework.boot.test.context.SpringBootTestContextBootstrapper=true}

  .   ____          _            __ _ _
 /\\ / ___'_ __ _ _(_)_ __  __ _ \ \ \ \
( ( )\___ | '_ | '_| | '_ \/ _` | \ \ \ \
 \\/  ___)| |_)| | | | | || (_| |  ) ) ) )
  '  |____| .__|_| |_|_| |_\__, | / / / /
 =========|_|==============|___/=/_/_/_/
 :: Spring Boot ::                (v2.6.2)

2022-01-20 14:38:38.586  INFO 11196 --- [    Test worker] backendJava.client.FotoServiceMockTest   : Starting FotoServiceMockTest using Java 17.0.1 on MIGUELHINCAPIE with PID 11196 (started by miguel.hincapie in C:\Users\miguel.hincapie\Downloads\springio\service-client)
2022-01-20 14:38:38.586  INFO 11196 --- [    Test worker] backendJava.client.FotoServiceMockTest   : No active profile set, falling back to default profiles: default
2022-01-20 14:38:39.100  INFO 11196 --- [    Test worker] .s.d.r.c.RepositoryConfigurationDelegate : Multiple Spring Data modules found, entering strict repository configuration mode!
2022-01-20 14:38:39.100  INFO 11196 --- [    Test worker] .s.d.r.c.RepositoryConfigurationDelegate : Bootstrapping Spring Data JPA repositories in DEFAULT mode.
2022-01-20 14:38:39.216  INFO 11196 --- [    Test worker] .RepositoryConfigurationExtensionSupport : Spring Data JPA - Could not safely identify store assignment for repository candidate interface backendJava.client.repository.FotoRepository. If you want this repository to be a JPA repository, consider annotating your entities with one of these annotations: javax.persistence.Entity, javax.persistence.MappedSuperclass (preferred), or consider extending one of the following types with your repository: org.springframework.data.jpa.repository.JpaRepository.
2022-01-20 14:38:39.231  INFO 11196 --- [    Test worker] .s.d.r.c.RepositoryConfigurationDelegate : Finished Spring Data repository scanning in 125 ms. Found 1 JPA repository interfaces.
2022-01-20 14:38:39.263  INFO 11196 --- [    Test worker] .s.d.r.c.RepositoryConfigurationDelegate : Multiple Spring Data modules found, entering strict repository configuration mode!
2022-01-20 14:38:39.263  INFO 11196 --- [    Test worker] .s.d.r.c.RepositoryConfigurationDelegate : Bootstrapping Spring Data Reactive MongoDB repositories in DEFAULT mode.
2022-01-20 14:38:39.263  INFO 11196 --- [    Test worker] .RepositoryConfigurationExtensionSupport : Spring Data Reactive MongoDB - Could not safely identify store assignment for repository candidate interface backendJava.client.repository.ClienteRepository. If you want this repository to be a Reactive MongoDB repository, consider annotating your entities with one of these annotations: org.springframework.data.mongodb.core.mapping.Document (preferred), or consider extending one of the following types with your repository: org.springframework.data.mongodb.repository.ReactiveMongoRepository.
2022-01-20 14:38:39.263  INFO 11196 --- [    Test worker] .s.d.r.c.RepositoryConfigurationDelegate : Finished Spring Data repository scanning in 7 ms. Found 0 Reactive MongoDB repository interfaces.
2022-01-20 14:38:39.263  INFO 11196 --- [    Test worker] .s.d.r.c.RepositoryConfigurationDelegate : Multiple Spring Data modules found, entering strict repository configuration mode!
2022-01-20 14:38:39.263  INFO 11196 --- [    Test worker] .s.d.r.c.RepositoryConfigurationDelegate : Bootstrapping Spring Data MongoDB repositories in DEFAULT mode.
2022-01-20 14:38:39.279  INFO 11196 --- [    Test worker] .RepositoryConfigurationExtensionSupport : Spring Data MongoDB - Could not safely identify store assignment for repository candidate interface backendJava.client.repository.ClienteRepository. If you want this repository to be a MongoDB repository, consider annotating your entities with one of these annotations: org.springframework.data.mongodb.core.mapping.Document (preferred), or consider extending one of the following types with your repository: org.springframework.data.mongodb.repository.MongoRepository.
2022-01-20 14:38:39.279  INFO 11196 --- [    Test worker] .s.d.r.c.RepositoryConfigurationDelegate : Finished Spring Data repository scanning in 8 ms. Found 1 MongoDB repository interfaces.
2022-01-20 14:38:39.730  INFO 11196 --- [    Test worker] o.hibernate.jpa.internal.util.LogHelper  : HHH000204: Processing PersistenceUnitInfo [name: default]
2022-01-20 14:38:39.801  INFO 11196 --- [    Test worker] org.hibernate.Version                    : HHH000412: Hibernate ORM core version 5.6.3.Final
2022-01-20 14:38:39.932  INFO 11196 --- [    Test worker] o.hibernate.annotations.common.Version   : HCANN000001: Hibernate Commons Annotations {5.1.2.Final}
2022-01-20 14:38:40.032  INFO 11196 --- [    Test worker] com.zaxxer.hikari.HikariDataSource       : HikariPool-1 - Starting...
2022-01-20 14:38:40.185  INFO 11196 --- [    Test worker] com.zaxxer.hikari.HikariDataSource       : HikariPool-1 - Start completed.
2022-01-20 14:38:40.200  INFO 11196 --- [    Test worker] org.hibernate.dialect.Dialect            : HHH000400: Using dialect: org.hibernate.dialect.H2Dialect
Hibernate: drop table if exists ciudad CASCADE 
Hibernate: drop table if exists cliente CASCADE 
Hibernate: drop table if exists tipoid CASCADE 
Hibernate: create table ciudad (id bigint generated by default as identity, nombre varchar(255), primary key (id))
Hibernate: create table cliente (id bigint generated by default as identity, apellidos varchar(255), edad integer not null, foto varchar(255), nombres varchar(255), numeroidentificacion varchar(255), ciudad_id bigint, tipo_id bigint, primary key (id))
Hibernate: create table tipoid (id bigint generated by default as identity, tipo varchar(255), primary key (id))
Hibernate: alter table cliente add constraint FK1le6orj8lrio9vg2jdayn5kqy foreign key (ciudad_id) references ciudad
Hibernate: alter table cliente add constraint FKtbtuk177y44xx271atkg2a2ky foreign key (tipo_id) references tipoid
2022-01-20 14:38:40.648  INFO 11196 --- [    Test worker] o.h.e.t.j.p.i.JtaPlatformInitiator       : HHH000490: Using JtaPlatform implementation: [org.hibernate.engine.transaction.jta.platform.internal.NoJtaPlatform]
2022-01-20 14:38:40.648  INFO 11196 --- [    Test worker] j.LocalContainerEntityManagerFactoryBean : Initialized JPA EntityManagerFactory for persistence unit 'default'
2022-01-20 14:38:41.180  INFO 11196 --- [    Test worker] org.mongodb.driver.cluster               : Cluster created with settings {hosts=[127.0.0.1:27017], srvHost=cluster0.jxu3e.gcp.mongodb.net, mode=MULTIPLE, requiredClusterType=REPLICA_SET, serverSelectionTimeout='30000 ms', requiredReplicaSetName='Cluster0-shard-0'}
2022-01-20 14:38:41.265  INFO 11196 --- [gcp.mongodb.net] org.mongodb.driver.cluster               : Adding discovered server cluster0-shard-00-00.jxu3e.gcp.mongodb.net:27017 to client view of cluster
2022-01-20 14:38:41.315  INFO 11196 --- [gcp.mongodb.net] org.mongodb.driver.cluster               : Adding discovered server cluster0-shard-00-01.jxu3e.gcp.mongodb.net:27017 to client view of cluster
2022-01-20 14:38:41.316  INFO 11196 --- [gcp.mongodb.net] org.mongodb.driver.cluster               : Adding discovered server cluster0-shard-00-02.jxu3e.gcp.mongodb.net:27017 to client view of cluster
2022-01-20 14:38:41.634  WARN 11196 --- [    Test worker] JpaBaseConfiguration$JpaWebConfiguration : spring.jpa.open-in-view is enabled by default. Therefore, database queries may be performed during view rendering. Explicitly configure spring.jpa.open-in-view to disable this warning
2022-01-20 14:38:41.895  INFO 11196 --- [    Test worker] o.s.b.a.h2.H2ConsoleAutoConfiguration    : H2 console available at '/h2-console'. Database available at 'jdbc:h2:file:~/test'
2022-01-20 14:38:41.908  INFO 11196 --- [ngodb.net:27017] org.mongodb.driver.connection            : Opened connection [connectionId{localValue:6, serverValue:10221}] to cluster0-shard-00-02.jxu3e.gcp.mongodb.net:27017
2022-01-20 14:38:41.908  INFO 11196 --- [ngodb.net:27017] org.mongodb.driver.connection            : Opened connection [connectionId{localValue:3, serverValue:10049}] to cluster0-shard-00-00.jxu3e.gcp.mongodb.net:27017
2022-01-20 14:38:41.908  INFO 11196 --- [ngodb.net:27017] org.mongodb.driver.connection            : Opened connection [connectionId{localValue:2, serverValue:9654}] to cluster0-shard-00-01.jxu3e.gcp.mongodb.net:27017
2022-01-20 14:38:41.908  INFO 11196 --- [ngodb.net:27017] org.mongodb.driver.connection            : Opened connection [connectionId{localValue:1, serverValue:10049}] to cluster0-shard-00-00.jxu3e.gcp.mongodb.net:27017
2022-01-20 14:38:41.908  INFO 11196 --- [ngodb.net:27017] org.mongodb.driver.connection            : Opened connection [connectionId{localValue:5, serverValue:9654}] to cluster0-shard-00-01.jxu3e.gcp.mongodb.net:27017
2022-01-20 14:38:41.908  INFO 11196 --- [ngodb.net:27017] org.mongodb.driver.connection            : Opened connection [connectionId{localValue:4, serverValue:10221}] to cluster0-shard-00-02.jxu3e.gcp.mongodb.net:27017
2022-01-20 14:38:41.916  INFO 11196 --- [ngodb.net:27017] org.mongodb.driver.cluster               : Monitor thread successfully connected to server with description ServerDescription{address=cluster0-shard-00-02.jxu3e.gcp.mongodb.net:27017, type=REPLICA_SET_PRIMARY, state=CONNECTED, ok=true, minWireVersion=0, maxWireVersion=9, maxDocumentSize=16777216, logicalSessionTimeoutMinutes=30, roundTripTimeNanos=376731500, setName='Cluster0-shard-0', canonicalAddress=cluster0-shard-00-02.jxu3e.gcp.mongodb.net:27017, hosts=[cluster0-shard-00-01.jxu3e.gcp.mongodb.net:27017, cluster0-shard-00-00.jxu3e.gcp.mongodb.net:27017, cluster0-shard-00-02.jxu3e.gcp.mongodb.net:27017], passives=[], arbiters=[], primary='cluster0-shard-00-02.jxu3e.gcp.mongodb.net:27017', tagSet=TagSet{[Tag{name='nodeType', value='ELECTABLE'}, Tag{name='provider', value='GCP'}, Tag{name='region', value='CENTRAL_US'}, Tag{name='workloadType', value='OPERATIONAL'}]}, electionId=7fffffff00000000000001b9, setVersion=6, topologyVersion=TopologyVersion{processId=61e9790fe92a96a94a6f8e69, counter=6}, lastWriteDate=Thu Jan 20 14:38:42 COT 2022, lastUpdateTimeNanos=181303828751900}
2022-01-20 14:38:41.916  INFO 11196 --- [ngodb.net:27017] org.mongodb.driver.cluster               : Monitor thread successfully connected to server with description ServerDescription{address=cluster0-shard-00-01.jxu3e.gcp.mongodb.net:27017, type=REPLICA_SET_SECONDARY, state=CONNECTED, ok=true, minWireVersion=0, maxWireVersion=9, maxDocumentSize=16777216, logicalSessionTimeoutMinutes=30, roundTripTimeNanos=319260700, setName='Cluster0-shard-0', canonicalAddress=cluster0-shard-00-01.jxu3e.gcp.mongodb.net:27017, hosts=[cluster0-shard-00-01.jxu3e.gcp.mongodb.net:27017, cluster0-shard-00-00.jxu3e.gcp.mongodb.net:27017, cluster0-shard-00-02.jxu3e.gcp.mongodb.net:27017], passives=[], arbiters=[], primary='cluster0-shard-00-02.jxu3e.gcp.mongodb.net:27017', tagSet=TagSet{[Tag{name='nodeType', value='ELECTABLE'}, Tag{name='provider', value='GCP'}, Tag{name='region', value='CENTRAL_US'}, Tag{name='workloadType', value='OPERATIONAL'}]}, electionId=null, setVersion=6, topologyVersion=TopologyVersion{processId=61e97a340b19783efbbf1414, counter=3}, lastWriteDate=Thu Jan 20 14:38:42 COT 2022, lastUpdateTimeNanos=181303828901400}
2022-01-20 14:38:41.916  INFO 11196 --- [ngodb.net:27017] org.mongodb.driver.cluster               : Monitor thread successfully connected to server with description ServerDescription{address=cluster0-shard-00-00.jxu3e.gcp.mongodb.net:27017, type=REPLICA_SET_SECONDARY, state=CONNECTED, ok=true, minWireVersion=0, maxWireVersion=9, maxDocumentSize=16777216, logicalSessionTimeoutMinutes=30, roundTripTimeNanos=269527700, setName='Cluster0-shard-0', canonicalAddress=cluster0-shard-00-00.jxu3e.gcp.mongodb.net:27017, hosts=[cluster0-shard-00-01.jxu3e.gcp.mongodb.net:27017, cluster0-shard-00-00.jxu3e.gcp.mongodb.net:27017, cluster0-shard-00-02.jxu3e.gcp.mongodb.net:27017], passives=[], arbiters=[], primary='cluster0-shard-00-02.jxu3e.gcp.mongodb.net:27017', tagSet=TagSet{[Tag{name='nodeType', value='ELECTABLE'}, Tag{name='provider', value='GCP'}, Tag{name='region', value='CENTRAL_US'}, Tag{name='workloadType', value='OPERATIONAL'}]}, electionId=null, setVersion=6, topologyVersion=TopologyVersion{processId=61e9781a7b408ddb74e468c2, counter=4}, lastWriteDate=Thu Jan 20 14:38:42 COT 2022, lastUpdateTimeNanos=181303828751900}
2022-01-20 14:38:41.920  INFO 11196 --- [ngodb.net:27017] org.mongodb.driver.cluster               : Setting max election id to 7fffffff00000000000001b9 from replica set primary cluster0-shard-00-02.jxu3e.gcp.mongodb.net:27017
2022-01-20 14:38:41.920  INFO 11196 --- [ngodb.net:27017] org.mongodb.driver.cluster               : Setting max set version to 6 from replica set primary cluster0-shard-00-02.jxu3e.gcp.mongodb.net:27017
2022-01-20 14:38:41.920  INFO 11196 --- [ngodb.net:27017] org.mongodb.driver.cluster               : Discovered replica set primary cluster0-shard-00-02.jxu3e.gcp.mongodb.net:27017
2022-01-20 14:38:42.277  INFO 11196 --- [    Test worker] org.mongodb.driver.cluster               : Cluster created with settings {hosts=[127.0.0.1:27017], srvHost=cluster0.jxu3e.gcp.mongodb.net, mode=MULTIPLE, requiredClusterType=REPLICA_SET, serverSelectionTimeout='30000 ms', requiredReplicaSetName='Cluster0-shard-0'}
2022-01-20 14:38:42.304  INFO 11196 --- [gcp.mongodb.net] org.mongodb.driver.cluster               : Adding discovered server cluster0-shard-00-00.jxu3e.gcp.mongodb.net:27017 to client view of cluster
2022-01-20 14:38:42.304  INFO 11196 --- [gcp.mongodb.net] org.mongodb.driver.cluster               : Adding discovered server cluster0-shard-00-01.jxu3e.gcp.mongodb.net:27017 to client view of cluster
2022-01-20 14:38:42.307  INFO 11196 --- [gcp.mongodb.net] org.mongodb.driver.cluster               : Adding discovered server cluster0-shard-00-02.jxu3e.gcp.mongodb.net:27017 to client view of cluster
2022-01-20 14:38:42.465  INFO 11196 --- [    Test worker] backendJava.client.FotoServiceMockTest   : Started FotoServiceMockTest in 4.096 seconds (JVM running for 4.984)
2022-01-20 14:38:42.662  INFO 11196 --- [ngodb.net:27017] org.mongodb.driver.connection            : Opened connection [connectionId{localValue:9, serverValue:9653}] to cluster0-shard-00-01.jxu3e.gcp.mongodb.net:27017
2022-01-20 14:38:42.663  INFO 11196 --- [ngodb.net:27017] org.mongodb.driver.cluster               : Monitor thread successfully connected to server with description ServerDescription{address=cluster0-shard-00-01.jxu3e.gcp.mongodb.net:27017, type=REPLICA_SET_SECONDARY, state=CONNECTED, ok=true, minWireVersion=0, maxWireVersion=9, maxDocumentSize=16777216, logicalSessionTimeoutMinutes=30, roundTripTimeNanos=240804500, setName='Cluster0-shard-0', canonicalAddress=cluster0-shard-00-01.jxu3e.gcp.mongodb.net:27017, hosts=[cluster0-shard-00-01.jxu3e.gcp.mongodb.net:27017, cluster0-shard-00-00.jxu3e.gcp.mongodb.net:27017, cluster0-shard-00-02.jxu3e.gcp.mongodb.net:27017], passives=[], arbiters=[], primary='cluster0-shard-00-02.jxu3e.gcp.mongodb.net:27017', tagSet=TagSet{[Tag{name='nodeType', value='ELECTABLE'}, Tag{name='provider', value='GCP'}, Tag{name='region', value='CENTRAL_US'}, Tag{name='workloadType', value='OPERATIONAL'}]}, electionId=null, setVersion=6, topologyVersion=TopologyVersion{processId=61e97a340b19783efbbf1414, counter=3}, lastWriteDate=Thu Jan 20 14:38:43 COT 2022, lastUpdateTimeNanos=181304583118100}
2022-01-20 14:38:42.667  INFO 11196 --- [ngodb.net:27017] org.mongodb.driver.connection            : Opened connection [connectionId{localValue:11, serverValue:10375}] to cluster0-shard-00-02.jxu3e.gcp.mongodb.net:27017
2022-01-20 14:38:42.667  INFO 11196 --- [ngodb.net:27017] org.mongodb.driver.cluster               : Monitor thread successfully connected to server with description ServerDescription{address=cluster0-shard-00-02.jxu3e.gcp.mongodb.net:27017, type=REPLICA_SET_PRIMARY, state=CONNECTED, ok=true, minWireVersion=0, maxWireVersion=9, maxDocumentSize=16777216, logicalSessionTimeoutMinutes=30, roundTripTimeNanos=244959800, setName='Cluster0-shard-0', canonicalAddress=cluster0-shard-00-02.jxu3e.gcp.mongodb.net:27017, hosts=[cluster0-shard-00-01.jxu3e.gcp.mongodb.net:27017, cluster0-shard-00-00.jxu3e.gcp.mongodb.net:27017, cluster0-shard-00-02.jxu3e.gcp.mongodb.net:27017], passives=[], arbiters=[], primary='cluster0-shard-00-02.jxu3e.gcp.mongodb.net:27017', tagSet=TagSet{[Tag{name='nodeType', value='ELECTABLE'}, Tag{name='provider', value='GCP'}, Tag{name='region', value='CENTRAL_US'}, Tag{name='workloadType', value='OPERATIONAL'}]}, electionId=7fffffff00000000000001b9, setVersion=6, topologyVersion=TopologyVersion{processId=61e9790fe92a96a94a6f8e69, counter=6}, lastWriteDate=Thu Jan 20 14:38:43 COT 2022, lastUpdateTimeNanos=181304587785800}
2022-01-20 14:38:42.668  INFO 11196 --- [ngodb.net:27017] org.mongodb.driver.cluster               : Setting max election id to 7fffffff00000000000001b9 from replica set primary cluster0-shard-00-02.jxu3e.gcp.mongodb.net:27017
2022-01-20 14:38:42.668  INFO 11196 --- [ngodb.net:27017] org.mongodb.driver.connection            : Opened connection [connectionId{localValue:7, serverValue:10033}] to cluster0-shard-00-00.jxu3e.gcp.mongodb.net:27017
2022-01-20 14:38:42.668  INFO 11196 --- [ngodb.net:27017] org.mongodb.driver.cluster               : Setting max set version to 6 from replica set primary cluster0-shard-00-02.jxu3e.gcp.mongodb.net:27017
2022-01-20 14:38:42.668  INFO 11196 --- [ngodb.net:27017] org.mongodb.driver.cluster               : Discovered replica set primary cluster0-shard-00-02.jxu3e.gcp.mongodb.net:27017
2022-01-20 14:38:42.668  INFO 11196 --- [ngodb.net:27017] org.mongodb.driver.cluster               : Monitor thread successfully connected to server with description ServerDescription{address=cluster0-shard-00-00.jxu3e.gcp.mongodb.net:27017, type=REPLICA_SET_SECONDARY, state=CONNECTED, ok=true, minWireVersion=0, maxWireVersion=9, maxDocumentSize=16777216, logicalSessionTimeoutMinutes=30, roundTripTimeNanos=247826100, setName='Cluster0-shard-0', canonicalAddress=cluster0-shard-00-00.jxu3e.gcp.mongodb.net:27017, hosts=[cluster0-shard-00-01.jxu3e.gcp.mongodb.net:27017, cluster0-shard-00-00.jxu3e.gcp.mongodb.net:27017, cluster0-shard-00-02.jxu3e.gcp.mongodb.net:27017], passives=[], arbiters=[], primary='cluster0-shard-00-02.jxu3e.gcp.mongodb.net:27017', tagSet=TagSet{[Tag{name='nodeType', value='ELECTABLE'}, Tag{name='provider', value='GCP'}, Tag{name='region', value='CENTRAL_US'}, Tag{name='workloadType', value='OPERATIONAL'}]}, electionId=null, setVersion=6, topologyVersion=TopologyVersion{processId=61e9781a7b408ddb74e468c2, counter=4}, lastWriteDate=Thu Jan 20 14:38:43 COT 2022, lastUpdateTimeNanos=181304589134900}
2022-01-20 14:38:42.669  INFO 11196 --- [ngodb.net:27017] org.mongodb.driver.connection            : Opened connection [connectionId{localValue:8, serverValue:10033}] to cluster0-shard-00-00.jxu3e.gcp.mongodb.net:27017
2022-01-20 14:38:42.669  INFO 11196 --- [ngodb.net:27017] org.mongodb.driver.connection            : Opened connection [connectionId{localValue:10, serverValue:9653}] to cluster0-shard-00-01.jxu3e.gcp.mongodb.net:27017
2022-01-20 14:38:42.696  INFO 11196 --- [ngodb.net:27017] org.mongodb.driver.connection            : Opened connection [connectionId{localValue:12, serverValue:10289}] to cluster0-shard-00-02.jxu3e.gcp.mongodb.net:27017
2022-01-20 14:38:43.305  INFO 11196 --- [    Test worker] org.mongodb.driver.connection            : Opened connection [connectionId{localValue:13, serverValue:10300}] to cluster0-shard-00-02.jxu3e.gcp.mongodb.net:27017
]]></system-out>
  <system-err><![CDATA[]]></system-err>
</testsuite>
