<?xml version="1.0" encoding="UTF-8"?>
<testsuite name="backendJava.client.ClienteServiceMockTest" tests="7" skipped="0" failures="0" errors="0" timestamp="2022-01-26T19:10:16" hostname="MIGUELHINCAPIE" time="0.071">
  <properties/>
  <testcase name="whenFindByEdadGreaterThanAnyClientAge_ThenReturnEmptyList()" classname="backendJava.client.ClienteServiceMockTest" time="0.021"/>
  <testcase name="whenValidUpdateCliente_ThenReturnUpdatedCliente()" classname="backendJava.client.ClienteServiceMockTest" time="0.005"/>
  <testcase name="whenValidCreateCliente_ThenReturnCliente()" classname="backendJava.client.ClienteServiceMockTest" time="0.005"/>
  <testcase name="whenValidGetId_ThenReturnCliente()" classname="backendJava.client.ClienteServiceMockTest" time="0.008"/>
  <testcase name="whenValidfindByTipoIdentificacionAndNumeroIdentificacion_ThenReturnClient()" classname="backendJava.client.ClienteServiceMockTest" time="0.007"/>
  <testcase name="whenValidDeleteCliente_ThenReturnVerifyMethodIsCalled()" classname="backendJava.client.ClienteServiceMockTest" time="0.012"/>
  <testcase name="whenValidFindByEdadGreaterThan_ThenReturnClientList()" classname="backendJava.client.ClienteServiceMockTest" time="0.006"/>
  <system-out><![CDATA[2022-01-26 14:10:16.289  INFO 17496 --- [    Test worker] .b.t.c.SpringBootTestContextBootstrapper : Neither @ContextConfiguration nor @ContextHierarchy found for test class [backendJava.client.ClienteServiceMockTest], using SpringBootContextLoader
2022-01-26 14:10:16.290  INFO 17496 --- [    Test worker] o.s.t.c.support.AbstractContextLoader    : Could not detect default resource locations for test class [backendJava.client.ClienteServiceMockTest]: no resource found for suffixes {-context.xml, Context.groovy}.
2022-01-26 14:10:16.290  INFO 17496 --- [    Test worker] t.c.s.AnnotationConfigContextLoaderUtils : Could not detect default configuration classes for test class [backendJava.client.ClienteServiceMockTest]: ClienteServiceMockTest does not declare any static, non-private, non-final, nested classes annotated with @Configuration.
2022-01-26 14:10:16.292  INFO 17496 --- [    Test worker] .b.t.c.SpringBootTestContextBootstrapper : Found @SpringBootConfiguration backendJava.client.ServiceClientApplication for test class backendJava.client.ClienteServiceMockTest
2022-01-26 14:10:16.294  INFO 17496 --- [    Test worker] .b.t.c.SpringBootTestContextBootstrapper : Loaded default TestExecutionListener class names from location [META-INF/spring.factories]: [org.springframework.boot.test.autoconfigure.restdocs.RestDocsTestExecutionListener, org.springframework.boot.test.autoconfigure.web.client.MockRestServiceServerResetTestExecutionListener, org.springframework.boot.test.autoconfigure.web.servlet.MockMvcPrintOnlyOnFailureTestExecutionListener, org.springframework.boot.test.autoconfigure.web.servlet.WebDriverTestExecutionListener, org.springframework.boot.test.autoconfigure.webservices.client.MockWebServiceServerTestExecutionListener, org.springframework.boot.test.mock.mockito.MockitoTestExecutionListener, org.springframework.boot.test.mock.mockito.ResetMocksTestExecutionListener, org.springframework.test.context.web.ServletTestExecutionListener, org.springframework.test.context.support.DirtiesContextBeforeModesTestExecutionListener, org.springframework.test.context.event.ApplicationEventsTestExecutionListener, org.springframework.test.context.support.DependencyInjectionTestExecutionListener, org.springframework.test.context.support.DirtiesContextTestExecutionListener, org.springframework.test.context.transaction.TransactionalTestExecutionListener, org.springframework.test.context.jdbc.SqlScriptsTestExecutionListener, org.springframework.test.context.event.EventPublishingTestExecutionListener]
2022-01-26 14:10:16.295  INFO 17496 --- [    Test worker] .b.t.c.SpringBootTestContextBootstrapper : Using TestExecutionListeners: [org.springframework.test.context.web.ServletTestExecutionListener@58179860, org.springframework.test.context.support.DirtiesContextBeforeModesTestExecutionListener@43e55cfb, org.springframework.test.context.event.ApplicationEventsTestExecutionListener@582ea857, org.springframework.boot.test.mock.mockito.MockitoTestExecutionListener@650ee893, org.springframework.boot.test.autoconfigure.SpringBootDependencyInjectionTestExecutionListener@13eb8ca, org.springframework.test.context.support.DirtiesContextTestExecutionListener@68553e92, org.springframework.test.context.transaction.TransactionalTestExecutionListener@45144fdf, org.springframework.test.context.jdbc.SqlScriptsTestExecutionListener@57cc7d9e, org.springframework.test.context.event.EventPublishingTestExecutionListener@23c07745, org.springframework.boot.test.autoconfigure.restdocs.RestDocsTestExecutionListener@62a07c01, org.springframework.boot.test.autoconfigure.web.client.MockRestServiceServerResetTestExecutionListener@52dbd3d, org.springframework.boot.test.autoconfigure.web.servlet.MockMvcPrintOnlyOnFailureTestExecutionListener@31b9108b, org.springframework.boot.test.autoconfigure.web.servlet.WebDriverTestExecutionListener@11e323a6, org.springframework.boot.test.autoconfigure.webservices.client.MockWebServiceServerTestExecutionListener@704205ef, org.springframework.boot.test.mock.mockito.ResetMocksTestExecutionListener@18ee9a8f]
]]></system-out>
  <system-err><![CDATA[]]></system-err>
</testsuite>
