<?xml version="1.0" encoding="UTF-8"?>
<testsuite name="backendJava.client.ClienteRepositoryMockTest" tests="2" skipped="0" failures="0" errors="0" timestamp="2022-01-26T19:10:15" hostname="MIGUELHINCAPIE" time="0.445">
  <properties/>
  <testcase name="whenFindByTipoIdentificacion_thenReturnListCliente()" classname="backendJava.client.ClienteRepositoryMockTest" time="0.422"/>
  <testcase name="whenFilterByEdad_ThenReturnListCliente()" classname="backendJava.client.ClienteRepositoryMockTest" time="0.022"/>
  <system-out><![CDATA[14:10:09.873 [Test worker] DEBUG org.springframework.test.context.BootstrapUtils - Instantiating CacheAwareContextLoaderDelegate from class [org.springframework.test.context.cache.DefaultCacheAwareContextLoaderDelegate]
14:10:09.882 [Test worker] DEBUG org.springframework.test.context.BootstrapUtils - Instantiating BootstrapContext using constructor [public org.springframework.test.context.support.DefaultBootstrapContext(java.lang.Class,org.springframework.test.context.CacheAwareContextLoaderDelegate)]
14:10:09.909 [Test worker] DEBUG org.springframework.test.context.BootstrapUtils - Instantiating TestContextBootstrapper for test class [backendJava.client.ClienteRepositoryMockTest] from class [org.springframework.boot.test.context.SpringBootTestContextBootstrapper]
14:10:09.918 [Test worker] INFO org.springframework.boot.test.context.SpringBootTestContextBootstrapper - Neither @ContextConfiguration nor @ContextHierarchy found for test class [backendJava.client.ClienteRepositoryMockTest], using SpringBootContextLoader
14:10:09.921 [Test worker] DEBUG org.springframework.test.context.support.AbstractContextLoader - Did not detect default resource location for test class [backendJava.client.ClienteRepositoryMockTest]: class path resource [backendJava/client/ClienteRepositoryMockTest-context.xml] does not exist
14:10:09.922 [Test worker] DEBUG org.springframework.test.context.support.AbstractContextLoader - Did not detect default resource location for test class [backendJava.client.ClienteRepositoryMockTest]: class path resource [backendJava/client/ClienteRepositoryMockTestContext.groovy] does not exist
14:10:09.922 [Test worker] INFO org.springframework.test.context.support.AbstractContextLoader - Could not detect default resource locations for test class [backendJava.client.ClienteRepositoryMockTest]: no resource found for suffixes {-context.xml, Context.groovy}.
14:10:09.922 [Test worker] INFO org.springframework.test.context.support.AnnotationConfigContextLoaderUtils - Could not detect default configuration classes for test class [backendJava.client.ClienteRepositoryMockTest]: ClienteRepositoryMockTest does not declare any static, non-private, non-final, nested classes annotated with @Configuration.
14:10:09.970 [Test worker] DEBUG org.springframework.test.context.support.ActiveProfilesUtils - Could not find an 'annotation declaring class' for annotation type [org.springframework.test.context.ActiveProfiles] and class [backendJava.client.ClienteRepositoryMockTest]
14:10:10.017 [Test worker] DEBUG org.springframework.context.annotation.ClassPathScanningCandidateComponentProvider - Identified candidate component class: file [C:\Users\miguel.hincapie\Documents\aaa\backendPragma\service-client\build\classes\java\main\backendJava\client\ServiceClientApplication.class]
14:10:10.021 [Test worker] INFO org.springframework.boot.test.context.SpringBootTestContextBootstrapper - Found @SpringBootConfiguration backendJava.client.ServiceClientApplication for test class backendJava.client.ClienteRepositoryMockTest
14:10:10.122 [Test worker] DEBUG org.springframework.boot.test.context.SpringBootTestContextBootstrapper - @TestExecutionListeners is not present for class [backendJava.client.ClienteRepositoryMockTest]: using defaults.
14:10:10.122 [Test worker] INFO org.springframework.boot.test.context.SpringBootTestContextBootstrapper - Loaded default TestExecutionListener class names from location [META-INF/spring.factories]: [org.springframework.boot.test.autoconfigure.restdocs.RestDocsTestExecutionListener, org.springframework.boot.test.autoconfigure.web.client.MockRestServiceServerResetTestExecutionListener, org.springframework.boot.test.autoconfigure.web.servlet.MockMvcPrintOnlyOnFailureTestExecutionListener, org.springframework.boot.test.autoconfigure.web.servlet.WebDriverTestExecutionListener, org.springframework.boot.test.autoconfigure.webservices.client.MockWebServiceServerTestExecutionListener, org.springframework.boot.test.mock.mockito.MockitoTestExecutionListener, org.springframework.boot.test.mock.mockito.ResetMocksTestExecutionListener, org.springframework.test.context.web.ServletTestExecutionListener, org.springframework.test.context.support.DirtiesContextBeforeModesTestExecutionListener, org.springframework.test.context.event.ApplicationEventsTestExecutionListener, org.springframework.test.context.support.DependencyInjectionTestExecutionListener, org.springframework.test.context.support.DirtiesContextTestExecutionListener, org.springframework.test.context.transaction.TransactionalTestExecutionListener, org.springframework.test.context.jdbc.SqlScriptsTestExecutionListener, org.springframework.test.context.event.EventPublishingTestExecutionListener]
14:10:10.137 [Test worker] INFO org.springframework.boot.test.context.SpringBootTestContextBootstrapper - Using TestExecutionListeners: [org.springframework.test.context.web.ServletTestExecutionListener@11dee337, org.springframework.test.context.support.DirtiesContextBeforeModesTestExecutionListener@460f76a6, org.springframework.test.context.event.ApplicationEventsTestExecutionListener@55f3c410, org.springframework.boot.test.mock.mockito.MockitoTestExecutionListener@11acdc30, org.springframework.boot.test.autoconfigure.SpringBootDependencyInjectionTestExecutionListener@770d4269, org.springframework.test.context.support.DirtiesContextTestExecutionListener@4a8ab068, org.springframework.test.context.transaction.TransactionalTestExecutionListener@1922e6d, org.springframework.test.context.jdbc.SqlScriptsTestExecutionListener@76a82f33, org.springframework.test.context.event.EventPublishingTestExecutionListener@6bab2585, org.springframework.boot.test.autoconfigure.restdocs.RestDocsTestExecutionListener@74bdc168, org.springframework.boot.test.autoconfigure.web.client.MockRestServiceServerResetTestExecutionListener@644c78d4, org.springframework.boot.test.autoconfigure.web.servlet.MockMvcPrintOnlyOnFailureTestExecutionListener@532a02d9, org.springframework.boot.test.autoconfigure.web.servlet.WebDriverTestExecutionListener@611f8234, org.springframework.boot.test.autoconfigure.webservices.client.MockWebServiceServerTestExecutionListener@7bb3a9fe, org.springframework.boot.test.mock.mockito.ResetMocksTestExecutionListener@7cbee484]
14:10:10.140 [Test worker] DEBUG org.springframework.test.context.support.AbstractDirtiesContextTestExecutionListener - Before test class: context [DefaultTestContext@cdc3aae testClass = ClienteRepositoryMockTest, testInstance = [null], testMethod = [null], testException = [null], mergedContextConfiguration = [WebMergedContextConfiguration@7ef2d7a6 testClass = ClienteRepositoryMockTest, locations = '{}', classes = '{class backendJava.client.ServiceClientApplication}', contextInitializerClasses = '[]', activeProfiles = '{}', propertySourceLocations = '{}', propertySourceProperties = '{org.springframework.boot.test.context.SpringBootTestContextBootstrapper=true}', contextCustomizers = set[org.springframework.boot.test.autoconfigure.actuate.metrics.MetricsExportContextCustomizerFactory$DisableMetricExportContextCustomizer@797cf65c, org.springframework.boot.test.autoconfigure.properties.PropertyMappingContextCustomizer@0, org.springframework.boot.test.autoconfigure.web.servlet.WebDriverContextCustomizerFactory$Customizer@a22cb6a, org.springframework.boot.test.context.filter.ExcludeFilterContextCustomizer@6187d1f5, org.springframework.boot.test.json.DuplicateJsonObjectContextCustomizerFactory$DuplicateJsonObjectContextCustomizer@17aad511, org.springframework.boot.test.mock.mockito.MockitoContextCustomizer@0, org.springframework.boot.test.web.client.TestRestTemplateContextCustomizer@76884e4b, org.springframework.boot.test.context.SpringBootTestArgs@1, org.springframework.boot.test.context.SpringBootTestWebEnvironment@fba92d3], resourceBasePath = 'src/main/webapp', contextLoader = 'org.springframework.boot.test.context.SpringBootContextLoader', parent = [null]], attributes = map['org.springframework.test.context.web.ServletTestExecutionListener.activateListener' -> true]], class annotated with @DirtiesContext [false] with mode [null].
14:10:10.179 [Test worker] DEBUG org.springframework.boot.ApplicationServletEnvironment - Activating profiles []
14:10:10.179 [Test worker] DEBUG org.springframework.test.context.support.TestPropertySourceUtils - Adding inlined properties to environment: {spring.jmx.enabled=false, org.springframework.boot.test.context.SpringBootTestContextBootstrapper=true}

  .   ____          _            __ _ _
 /\\ / ___'_ __ _ _(_)_ __  __ _ \ \ \ \
( ( )\___ | '_ | '_| | '_ \/ _` | \ \ \ \
 \\/  ___)| |_)| | | | | || (_| |  ) ) ) )
  '  |____| .__|_| |_|_| |_\__, | / / / /
 =========|_|==============|___/=/_/_/_/
 :: Spring Boot ::                (v2.6.2)

2022-01-26 14:10:10.377  INFO 17496 --- [    Test worker] b.client.ClienteRepositoryMockTest       : Starting ClienteRepositoryMockTest using Java 17.0.1 on MIGUELHINCAPIE with PID 17496 (started by miguel.hincapie in C:\Users\miguel.hincapie\Documents\aaa\backendPragma\service-client)
2022-01-26 14:10:10.378  INFO 17496 --- [    Test worker] b.client.ClienteRepositoryMockTest       : No active profile set, falling back to default profiles: default
2022-01-26 14:10:11.196  INFO 17496 --- [    Test worker] .s.d.r.c.RepositoryConfigurationDelegate : Multiple Spring Data modules found, entering strict repository configuration mode!
2022-01-26 14:10:11.199  INFO 17496 --- [    Test worker] .s.d.r.c.RepositoryConfigurationDelegate : Bootstrapping Spring Data JPA repositories in DEFAULT mode.
2022-01-26 14:10:11.316  INFO 17496 --- [    Test worker] .RepositoryConfigurationExtensionSupport : Spring Data JPA - Could not safely identify store assignment for repository candidate interface backendJava.client.repository.FotoRepository. If you want this repository to be a JPA repository, consider annotating your entities with one of these annotations: javax.persistence.Entity, javax.persistence.MappedSuperclass (preferred), or consider extending one of the following types with your repository: org.springframework.data.jpa.repository.JpaRepository.
2022-01-26 14:10:11.334  INFO 17496 --- [    Test worker] .s.d.r.c.RepositoryConfigurationDelegate : Finished Spring Data repository scanning in 126 ms. Found 1 JPA repository interfaces.
2022-01-26 14:10:11.372  INFO 17496 --- [    Test worker] .s.d.r.c.RepositoryConfigurationDelegate : Multiple Spring Data modules found, entering strict repository configuration mode!
2022-01-26 14:10:11.372  INFO 17496 --- [    Test worker] .s.d.r.c.RepositoryConfigurationDelegate : Bootstrapping Spring Data Reactive MongoDB repositories in DEFAULT mode.
2022-01-26 14:10:11.379  INFO 17496 --- [    Test worker] .RepositoryConfigurationExtensionSupport : Spring Data Reactive MongoDB - Could not safely identify store assignment for repository candidate interface backendJava.client.repository.ClienteRepository. If you want this repository to be a Reactive MongoDB repository, consider annotating your entities with one of these annotations: org.springframework.data.mongodb.core.mapping.Document (preferred), or consider extending one of the following types with your repository: org.springframework.data.mongodb.repository.ReactiveMongoRepository.
2022-01-26 14:10:11.380  INFO 17496 --- [    Test worker] .s.d.r.c.RepositoryConfigurationDelegate : Finished Spring Data repository scanning in 7 ms. Found 0 Reactive MongoDB repository interfaces.
2022-01-26 14:10:11.386  INFO 17496 --- [    Test worker] .s.d.r.c.RepositoryConfigurationDelegate : Multiple Spring Data modules found, entering strict repository configuration mode!
2022-01-26 14:10:11.386  INFO 17496 --- [    Test worker] .s.d.r.c.RepositoryConfigurationDelegate : Bootstrapping Spring Data MongoDB repositories in DEFAULT mode.
2022-01-26 14:10:11.390  INFO 17496 --- [    Test worker] .RepositoryConfigurationExtensionSupport : Spring Data MongoDB - Could not safely identify store assignment for repository candidate interface backendJava.client.repository.ClienteRepository. If you want this repository to be a MongoDB repository, consider annotating your entities with one of these annotations: org.springframework.data.mongodb.core.mapping.Document (preferred), or consider extending one of the following types with your repository: org.springframework.data.mongodb.repository.MongoRepository.
2022-01-26 14:10:11.396  INFO 17496 --- [    Test worker] .s.d.r.c.RepositoryConfigurationDelegate : Finished Spring Data repository scanning in 10 ms. Found 1 MongoDB repository interfaces.
2022-01-26 14:10:11.950  INFO 17496 --- [    Test worker] o.hibernate.jpa.internal.util.LogHelper  : HHH000204: Processing PersistenceUnitInfo [name: default]
2022-01-26 14:10:12.011  INFO 17496 --- [    Test worker] org.hibernate.Version                    : HHH000412: Hibernate ORM core version 5.6.3.Final
2022-01-26 14:10:12.169  INFO 17496 --- [    Test worker] o.hibernate.annotations.common.Version   : HCANN000001: Hibernate Commons Annotations {5.1.2.Final}
2022-01-26 14:10:12.280  INFO 17496 --- [    Test worker] com.zaxxer.hikari.HikariDataSource       : HikariPool-1 - Starting...
2022-01-26 14:10:12.285  WARN 17496 --- [    Test worker] com.zaxxer.hikari.util.DriverDataSource  : Registered driver with driverClassName=com.mysql.jdbc.Driver was not found, trying direct instantiation.
2022-01-26 14:10:12.552  INFO 17496 --- [    Test worker] com.zaxxer.hikari.HikariDataSource       : HikariPool-1 - Start completed.
2022-01-26 14:10:12.569  INFO 17496 --- [    Test worker] org.hibernate.dialect.Dialect            : HHH000400: Using dialect: org.hibernate.dialect.MySQL8Dialect
Hibernate: drop table if exists cliente
Hibernate: create table cliente (id bigint not null auto_increment, apellidos varchar(255), ciudad varchar(255), edad integer not null, fotomongoid varchar(255), nombres varchar(255) not null, numeroidentificacion varchar(255), tipo_identificacion varchar(255), primary key (id)) engine=InnoDB
2022-01-26 14:10:13.211  INFO 17496 --- [    Test worker] o.h.e.t.j.p.i.JtaPlatformInitiator       : HHH000490: Using JtaPlatform implementation: [org.hibernate.engine.transaction.jta.platform.internal.NoJtaPlatform]
2022-01-26 14:10:13.221  INFO 17496 --- [    Test worker] j.LocalContainerEntityManagerFactoryBean : Initialized JPA EntityManagerFactory for persistence unit 'default'
2022-01-26 14:10:13.709  INFO 17496 --- [    Test worker] org.mongodb.driver.cluster               : Cluster created with settings {hosts=[127.0.0.1:27017], srvHost=cluster0.jxu3e.gcp.mongodb.net, mode=MULTIPLE, requiredClusterType=REPLICA_SET, serverSelectionTimeout='30000 ms', requiredReplicaSetName='Cluster0-shard-0'}
2022-01-26 14:10:13.791  WARN 17496 --- [    Test worker] o.s.data.convert.CustomConversions       : Registering converter from class java.time.LocalDateTime to class org.joda.time.LocalDateTime as reading converter although it doesn't convert from a store-supported type! You might want to check your annotation setup at the converter implementation.
2022-01-26 14:10:13.830  WARN 17496 --- [    Test worker] o.s.data.convert.CustomConversions       : Registering converter from class java.time.LocalDateTime to class org.joda.time.LocalDateTime as reading converter although it doesn't convert from a store-supported type! You might want to check your annotation setup at the converter implementation.
2022-01-26 14:10:13.845  INFO 17496 --- [gcp.mongodb.net] org.mongodb.driver.cluster               : Adding discovered server cluster0-shard-00-00.jxu3e.gcp.mongodb.net:27017 to client view of cluster
2022-01-26 14:10:13.887  INFO 17496 --- [gcp.mongodb.net] org.mongodb.driver.cluster               : Adding discovered server cluster0-shard-00-01.jxu3e.gcp.mongodb.net:27017 to client view of cluster
2022-01-26 14:10:13.888  INFO 17496 --- [gcp.mongodb.net] org.mongodb.driver.cluster               : Adding discovered server cluster0-shard-00-02.jxu3e.gcp.mongodb.net:27017 to client view of cluster
2022-01-26 14:10:14.304  WARN 17496 --- [    Test worker] JpaBaseConfiguration$JpaWebConfiguration : spring.jpa.open-in-view is enabled by default. Therefore, database queries may be performed during view rendering. Explicitly configure spring.jpa.open-in-view to disable this warning
2022-01-26 14:10:14.411  INFO 17496 --- [    Test worker] o.s.b.a.h2.H2ConsoleAutoConfiguration    : H2 console available at '/h2-console'. Database available at 'jdbc:mysql://localhost:3306/backTest'
2022-01-26 14:10:14.452  INFO 17496 --- [ngodb.net:27017] org.mongodb.driver.connection            : Opened connection [connectionId{localValue:6, serverValue:25850}] to cluster0-shard-00-02.jxu3e.gcp.mongodb.net:27017
2022-01-26 14:10:14.452  INFO 17496 --- [ngodb.net:27017] org.mongodb.driver.connection            : Opened connection [connectionId{localValue:2, serverValue:34707}] to cluster0-shard-00-00.jxu3e.gcp.mongodb.net:27017
2022-01-26 14:10:14.452  INFO 17496 --- [ngodb.net:27017] org.mongodb.driver.connection            : Opened connection [connectionId{localValue:1, serverValue:34710}] to cluster0-shard-00-00.jxu3e.gcp.mongodb.net:27017
2022-01-26 14:10:14.452  INFO 17496 --- [ngodb.net:27017] org.mongodb.driver.connection            : Opened connection [connectionId{localValue:5, serverValue:30427}] to cluster0-shard-00-01.jxu3e.gcp.mongodb.net:27017
2022-01-26 14:10:14.452  INFO 17496 --- [ngodb.net:27017] org.mongodb.driver.connection            : Opened connection [connectionId{localValue:4, serverValue:30427}] to cluster0-shard-00-01.jxu3e.gcp.mongodb.net:27017
2022-01-26 14:10:14.452  INFO 17496 --- [ngodb.net:27017] org.mongodb.driver.connection            : Opened connection [connectionId{localValue:3, serverValue:25850}] to cluster0-shard-00-02.jxu3e.gcp.mongodb.net:27017
2022-01-26 14:10:14.461  INFO 17496 --- [ngodb.net:27017] org.mongodb.driver.cluster               : Monitor thread successfully connected to server with description ServerDescription{address=cluster0-shard-00-02.jxu3e.gcp.mongodb.net:27017, type=REPLICA_SET_PRIMARY, state=CONNECTED, ok=true, minWireVersion=0, maxWireVersion=9, maxDocumentSize=16777216, logicalSessionTimeoutMinutes=30, roundTripTimeNanos=295649200, setName='Cluster0-shard-0', canonicalAddress=cluster0-shard-00-02.jxu3e.gcp.mongodb.net:27017, hosts=[cluster0-shard-00-01.jxu3e.gcp.mongodb.net:27017, cluster0-shard-00-00.jxu3e.gcp.mongodb.net:27017, cluster0-shard-00-02.jxu3e.gcp.mongodb.net:27017], passives=[], arbiters=[], primary='cluster0-shard-00-02.jxu3e.gcp.mongodb.net:27017', tagSet=TagSet{[Tag{name='nodeType', value='ELECTABLE'}, Tag{name='provider', value='GCP'}, Tag{name='region', value='CENTRAL_US'}, Tag{name='workloadType', value='OPERATIONAL'}]}, electionId=7fffffff00000000000001bd, setVersion=6, topologyVersion=TopologyVersion{processId=61f0aaa14d277aba473f116e, counter=6}, lastWriteDate=Wed Jan 26 14:10:15 COT 2022, lastUpdateTimeNanos=510196027501900}
2022-01-26 14:10:14.461  INFO 17496 --- [ngodb.net:27017] org.mongodb.driver.cluster               : Monitor thread successfully connected to server with description ServerDescription{address=cluster0-shard-00-00.jxu3e.gcp.mongodb.net:27017, type=REPLICA_SET_SECONDARY, state=CONNECTED, ok=true, minWireVersion=0, maxWireVersion=9, maxDocumentSize=16777216, logicalSessionTimeoutMinutes=30, roundTripTimeNanos=300286300, setName='Cluster0-shard-0', canonicalAddress=cluster0-shard-00-00.jxu3e.gcp.mongodb.net:27017, hosts=[cluster0-shard-00-01.jxu3e.gcp.mongodb.net:27017, cluster0-shard-00-00.jxu3e.gcp.mongodb.net:27017, cluster0-shard-00-02.jxu3e.gcp.mongodb.net:27017], passives=[], arbiters=[], primary='cluster0-shard-00-02.jxu3e.gcp.mongodb.net:27017', tagSet=TagSet{[Tag{name='nodeType', value='ELECTABLE'}, Tag{name='provider', value='GCP'}, Tag{name='region', value='CENTRAL_US'}, Tag{name='workloadType', value='OPERATIONAL'}]}, electionId=null, setVersion=6, topologyVersion=TopologyVersion{processId=61f0a99fee9e45f5a25be68e, counter=4}, lastWriteDate=Wed Jan 26 14:10:15 COT 2022, lastUpdateTimeNanos=510196027501900}
2022-01-26 14:10:14.461  INFO 17496 --- [ngodb.net:27017] org.mongodb.driver.cluster               : Monitor thread successfully connected to server with description ServerDescription{address=cluster0-shard-00-01.jxu3e.gcp.mongodb.net:27017, type=REPLICA_SET_SECONDARY, state=CONNECTED, ok=true, minWireVersion=0, maxWireVersion=9, maxDocumentSize=16777216, logicalSessionTimeoutMinutes=30, roundTripTimeNanos=323156700, setName='Cluster0-shard-0', canonicalAddress=cluster0-shard-00-01.jxu3e.gcp.mongodb.net:27017, hosts=[cluster0-shard-00-01.jxu3e.gcp.mongodb.net:27017, cluster0-shard-00-00.jxu3e.gcp.mongodb.net:27017, cluster0-shard-00-02.jxu3e.gcp.mongodb.net:27017], passives=[], arbiters=[], primary='cluster0-shard-00-02.jxu3e.gcp.mongodb.net:27017', tagSet=TagSet{[Tag{name='nodeType', value='ELECTABLE'}, Tag{name='provider', value='GCP'}, Tag{name='region', value='CENTRAL_US'}, Tag{name='workloadType', value='OPERATIONAL'}]}, electionId=null, setVersion=6, topologyVersion=TopologyVersion{processId=61f0ab8de753aa1e69f12859, counter=3}, lastWriteDate=Wed Jan 26 14:10:15 COT 2022, lastUpdateTimeNanos=510196027671500}
2022-01-26 14:10:14.465  INFO 17496 --- [ngodb.net:27017] org.mongodb.driver.cluster               : Setting max election id to 7fffffff00000000000001bd from replica set primary cluster0-shard-00-02.jxu3e.gcp.mongodb.net:27017
2022-01-26 14:10:14.466  INFO 17496 --- [ngodb.net:27017] org.mongodb.driver.cluster               : Setting max set version to 6 from replica set primary cluster0-shard-00-02.jxu3e.gcp.mongodb.net:27017
2022-01-26 14:10:14.466  INFO 17496 --- [ngodb.net:27017] org.mongodb.driver.cluster               : Discovered replica set primary cluster0-shard-00-02.jxu3e.gcp.mongodb.net:27017
2022-01-26 14:10:15.291  INFO 17496 --- [    Test worker] org.mongodb.driver.cluster               : Cluster created with settings {hosts=[127.0.0.1:27017], srvHost=cluster0.jxu3e.gcp.mongodb.net, mode=MULTIPLE, requiredClusterType=REPLICA_SET, serverSelectionTimeout='30000 ms', requiredReplicaSetName='Cluster0-shard-0'}
2022-01-26 14:10:15.334  INFO 17496 --- [gcp.mongodb.net] org.mongodb.driver.cluster               : Adding discovered server cluster0-shard-00-00.jxu3e.gcp.mongodb.net:27017 to client view of cluster
2022-01-26 14:10:15.335  INFO 17496 --- [gcp.mongodb.net] org.mongodb.driver.cluster               : Adding discovered server cluster0-shard-00-01.jxu3e.gcp.mongodb.net:27017 to client view of cluster
2022-01-26 14:10:15.336  INFO 17496 --- [gcp.mongodb.net] org.mongodb.driver.cluster               : Adding discovered server cluster0-shard-00-02.jxu3e.gcp.mongodb.net:27017 to client view of cluster
2022-01-26 14:10:15.686  INFO 17496 --- [ngodb.net:27017] org.mongodb.driver.connection            : Opened connection [connectionId{localValue:11, serverValue:34712}] to cluster0-shard-00-00.jxu3e.gcp.mongodb.net:27017
2022-01-26 14:10:15.701  INFO 17496 --- [ngodb.net:27017] org.mongodb.driver.connection            : Opened connection [connectionId{localValue:8, serverValue:30431}] to cluster0-shard-00-01.jxu3e.gcp.mongodb.net:27017
2022-01-26 14:10:15.723  INFO 17496 --- [ngodb.net:27017] org.mongodb.driver.connection            : Opened connection [connectionId{localValue:9, serverValue:25918}] to cluster0-shard-00-02.jxu3e.gcp.mongodb.net:27017
2022-01-26 14:10:15.723  INFO 17496 --- [ngodb.net:27017] org.mongodb.driver.connection            : Opened connection [connectionId{localValue:12, serverValue:30431}] to cluster0-shard-00-01.jxu3e.gcp.mongodb.net:27017
2022-01-26 14:10:15.723  INFO 17496 --- [ngodb.net:27017] org.mongodb.driver.cluster               : Monitor thread successfully connected to server with description ServerDescription{address=cluster0-shard-00-02.jxu3e.gcp.mongodb.net:27017, type=REPLICA_SET_PRIMARY, state=CONNECTED, ok=true, minWireVersion=0, maxWireVersion=9, maxDocumentSize=16777216, logicalSessionTimeoutMinutes=30, roundTripTimeNanos=257145900, setName='Cluster0-shard-0', canonicalAddress=cluster0-shard-00-02.jxu3e.gcp.mongodb.net:27017, hosts=[cluster0-shard-00-01.jxu3e.gcp.mongodb.net:27017, cluster0-shard-00-00.jxu3e.gcp.mongodb.net:27017, cluster0-shard-00-02.jxu3e.gcp.mongodb.net:27017], passives=[], arbiters=[], primary='cluster0-shard-00-02.jxu3e.gcp.mongodb.net:27017', tagSet=TagSet{[Tag{name='nodeType', value='ELECTABLE'}, Tag{name='provider', value='GCP'}, Tag{name='region', value='CENTRAL_US'}, Tag{name='workloadType', value='OPERATIONAL'}]}, electionId=7fffffff00000000000001bd, setVersion=6, topologyVersion=TopologyVersion{processId=61f0aaa14d277aba473f116e, counter=6}, lastWriteDate=Wed Jan 26 14:10:16 COT 2022, lastUpdateTimeNanos=510197300928000}
2022-01-26 14:10:15.723  INFO 17496 --- [ngodb.net:27017] org.mongodb.driver.cluster               : Monitor thread successfully connected to server with description ServerDescription{address=cluster0-shard-00-01.jxu3e.gcp.mongodb.net:27017, type=REPLICA_SET_SECONDARY, state=CONNECTED, ok=true, minWireVersion=0, maxWireVersion=9, maxDocumentSize=16777216, logicalSessionTimeoutMinutes=30, roundTripTimeNanos=257450600, setName='Cluster0-shard-0', canonicalAddress=cluster0-shard-00-01.jxu3e.gcp.mongodb.net:27017, hosts=[cluster0-shard-00-01.jxu3e.gcp.mongodb.net:27017, cluster0-shard-00-00.jxu3e.gcp.mongodb.net:27017, cluster0-shard-00-02.jxu3e.gcp.mongodb.net:27017], passives=[], arbiters=[], primary='cluster0-shard-00-02.jxu3e.gcp.mongodb.net:27017', tagSet=TagSet{[Tag{name='nodeType', value='ELECTABLE'}, Tag{name='provider', value='GCP'}, Tag{name='region', value='CENTRAL_US'}, Tag{name='workloadType', value='OPERATIONAL'}]}, electionId=null, setVersion=6, topologyVersion=TopologyVersion{processId=61f0ab8de753aa1e69f12859, counter=3}, lastWriteDate=Wed Jan 26 14:10:16 COT 2022, lastUpdateTimeNanos=510197300908700}
2022-01-26 14:10:15.724  INFO 17496 --- [ngodb.net:27017] org.mongodb.driver.cluster               : Setting max election id to 7fffffff00000000000001bd from replica set primary cluster0-shard-00-02.jxu3e.gcp.mongodb.net:27017
2022-01-26 14:10:15.724  INFO 17496 --- [ngodb.net:27017] org.mongodb.driver.cluster               : Setting max set version to 6 from replica set primary cluster0-shard-00-02.jxu3e.gcp.mongodb.net:27017
2022-01-26 14:10:15.724  INFO 17496 --- [ngodb.net:27017] org.mongodb.driver.cluster               : Discovered replica set primary cluster0-shard-00-02.jxu3e.gcp.mongodb.net:27017
2022-01-26 14:10:15.727  INFO 17496 --- [ngodb.net:27017] org.mongodb.driver.connection            : Opened connection [connectionId{localValue:10, serverValue:25918}] to cluster0-shard-00-02.jxu3e.gcp.mongodb.net:27017
2022-01-26 14:10:15.731  INFO 17496 --- [ngodb.net:27017] org.mongodb.driver.connection            : Opened connection [connectionId{localValue:7, serverValue:34712}] to cluster0-shard-00-00.jxu3e.gcp.mongodb.net:27017
2022-01-26 14:10:15.731  INFO 17496 --- [ngodb.net:27017] org.mongodb.driver.cluster               : Monitor thread successfully connected to server with description ServerDescription{address=cluster0-shard-00-00.jxu3e.gcp.mongodb.net:27017, type=REPLICA_SET_SECONDARY, state=CONNECTED, ok=true, minWireVersion=0, maxWireVersion=9, maxDocumentSize=16777216, logicalSessionTimeoutMinutes=30, roundTripTimeNanos=265996400, setName='Cluster0-shard-0', canonicalAddress=cluster0-shard-00-00.jxu3e.gcp.mongodb.net:27017, hosts=[cluster0-shard-00-01.jxu3e.gcp.mongodb.net:27017, cluster0-shard-00-00.jxu3e.gcp.mongodb.net:27017, cluster0-shard-00-02.jxu3e.gcp.mongodb.net:27017], passives=[], arbiters=[], primary='cluster0-shard-00-02.jxu3e.gcp.mongodb.net:27017', tagSet=TagSet{[Tag{name='nodeType', value='ELECTABLE'}, Tag{name='provider', value='GCP'}, Tag{name='region', value='CENTRAL_US'}, Tag{name='workloadType', value='OPERATIONAL'}]}, electionId=null, setVersion=6, topologyVersion=TopologyVersion{processId=61f0a99fee9e45f5a25be68e, counter=4}, lastWriteDate=Wed Jan 26 14:10:16 COT 2022, lastUpdateTimeNanos=510197308967600}
2022-01-26 14:10:15.817  INFO 17496 --- [    Test worker] b.client.ClienteRepositoryMockTest       : Started ClienteRepositoryMockTest in 5.638 seconds (JVM running for 6.607)
Hibernate: select cliente0_.id as id1_0_, cliente0_.apellidos as apellido2_0_, cliente0_.ciudad as ciudad3_0_, cliente0_.edad as edad4_0_, cliente0_.fotomongoid as fotomong5_0_, cliente0_.nombres as nombres6_0_, cliente0_.numeroidentificacion as numeroid7_0_, cliente0_.tipo_identificacion as tipo_ide8_0_ from cliente cliente0_ where cliente0_.tipo_identificacion=? and cliente0_.numeroidentificacion=?
Hibernate: select cliente0_.id as id1_0_, cliente0_.apellidos as apellido2_0_, cliente0_.ciudad as ciudad3_0_, cliente0_.edad as edad4_0_, cliente0_.fotomongoid as fotomong5_0_, cliente0_.nombres as nombres6_0_, cliente0_.numeroidentificacion as numeroid7_0_, cliente0_.tipo_identificacion as tipo_ide8_0_ from cliente cliente0_ where cliente0_.edad>?
]]></system-out>
  <system-err><![CDATA[Loading class `com.mysql.jdbc.Driver'. This is deprecated. The new driver class is `com.mysql.cj.jdbc.Driver'. The driver is automatically registered via the SPI and manual loading of the driver class is generally unnecessary.
]]></system-err>
</testsuite>
