<?xml version="1.0" encoding="UTF-8"?>
<testsuite name="backendJava.client.ServiceClientApplicationTests" tests="1" skipped="0" failures="0" errors="0" timestamp="2022-01-26T19:10:19" hostname="MIGUELHINCAPIE" time="0.003">
  <properties/>
  <testcase name="contextLoads()" classname="backendJava.client.ServiceClientApplicationTests" time="0.003"/>
  <system-out><![CDATA[2022-01-26 14:10:19.990  INFO 17496 --- [    Test worker] .b.t.c.SpringBootTestContextBootstrapper : Neither @ContextConfiguration nor @ContextHierarchy found for test class [backendJava.client.ServiceClientApplicationTests], using SpringBootContextLoader
2022-01-26 14:10:19.992  INFO 17496 --- [    Test worker] o.s.t.c.support.AbstractContextLoader    : Could not detect default resource locations for test class [backendJava.client.ServiceClientApplicationTests]: no resource found for suffixes {-context.xml, Context.groovy}.
2022-01-26 14:10:19.992  INFO 17496 --- [    Test worker] t.c.s.AnnotationConfigContextLoaderUtils : Could not detect default configuration classes for test class [backendJava.client.ServiceClientApplicationTests]: ServiceClientApplicationTests does not declare any static, non-private, non-final, nested classes annotated with @Configuration.
2022-01-26 14:10:19.993  INFO 17496 --- [    Test worker] .b.t.c.SpringBootTestContextBootstrapper : Found @SpringBootConfiguration backendJava.client.ServiceClientApplication for test class backendJava.client.ServiceClientApplicationTests
2022-01-26 14:10:19.994  INFO 17496 --- [    Test worker] .b.t.c.SpringBootTestContextBootstrapper : Loaded default TestExecutionListener class names from location [META-INF/spring.factories]: [org.springframework.boot.test.autoconfigure.restdocs.RestDocsTestExecutionListener, org.springframework.boot.test.autoconfigure.web.client.MockRestServiceServerResetTestExecutionListener, org.springframework.boot.test.autoconfigure.web.servlet.MockMvcPrintOnlyOnFailureTestExecutionListener, org.springframework.boot.test.autoconfigure.web.servlet.WebDriverTestExecutionListener, org.springframework.boot.test.autoconfigure.webservices.client.MockWebServiceServerTestExecutionListener, org.springframework.boot.test.mock.mockito.MockitoTestExecutionListener, org.springframework.boot.test.mock.mockito.ResetMocksTestExecutionListener, org.springframework.test.context.web.ServletTestExecutionListener, org.springframework.test.context.support.DirtiesContextBeforeModesTestExecutionListener, org.springframework.test.context.event.ApplicationEventsTestExecutionListener, org.springframework.test.context.support.DependencyInjectionTestExecutionListener, org.springframework.test.context.support.DirtiesContextTestExecutionListener, org.springframework.test.context.transaction.TransactionalTestExecutionListener, org.springframework.test.context.jdbc.SqlScriptsTestExecutionListener, org.springframework.test.context.event.EventPublishingTestExecutionListener]
2022-01-26 14:10:19.995  INFO 17496 --- [    Test worker] .b.t.c.SpringBootTestContextBootstrapper : Using TestExecutionListeners: [org.springframework.test.context.web.ServletTestExecutionListener@500341c4, org.springframework.test.context.support.DirtiesContextBeforeModesTestExecutionListener@3d4b3b94, org.springframework.test.context.event.ApplicationEventsTestExecutionListener@28b5cee, org.springframework.boot.test.mock.mockito.MockitoTestExecutionListener@7452e4ec, org.springframework.boot.test.autoconfigure.SpringBootDependencyInjectionTestExecutionListener@3e1596c3, org.springframework.test.context.support.DirtiesContextTestExecutionListener@5ae68d0e, org.springframework.test.context.transaction.TransactionalTestExecutionListener@252d690, org.springframework.test.context.jdbc.SqlScriptsTestExecutionListener@614427b2, org.springframework.test.context.event.EventPublishingTestExecutionListener@73f506d7, org.springframework.boot.test.autoconfigure.restdocs.RestDocsTestExecutionListener@1d957b5a, org.springframework.boot.test.autoconfigure.web.client.MockRestServiceServerResetTestExecutionListener@9e7d82e, org.springframework.boot.test.autoconfigure.web.servlet.MockMvcPrintOnlyOnFailureTestExecutionListener@49de1717, org.springframework.boot.test.autoconfigure.web.servlet.WebDriverTestExecutionListener@12c66345, org.springframework.boot.test.autoconfigure.webservices.client.MockWebServiceServerTestExecutionListener@24bf95ec, org.springframework.boot.test.mock.mockito.ResetMocksTestExecutionListener@13ae0ffd]
]]></system-out>
  <system-err><![CDATA[]]></system-err>
</testsuite>
