<?xml version="1.0" encoding="UTF-8"?>
<testsuite name="backendJava.client.FotoServiceMockTest" tests="4" skipped="0" failures="0" errors="0" timestamp="2022-01-26T19:10:17" hostname="MIGUELHINCAPIE" time="2.15">
  <properties/>
  <testcase name="whenValidGetAllFoto_ThenReturnListFoto()" classname="backendJava.client.FotoServiceMockTest" time="0.469"/>
  <testcase name="whenValidUpdateFoto_ThenReturnUpdatedFoto()" classname="backendJava.client.FotoServiceMockTest" time="0.806"/>
  <testcase name="whenValidDeleteFoto_ThenGetFotoReturnsNull()" classname="backendJava.client.FotoServiceMockTest" time="0.585"/>
  <testcase name="whenValidGetFotoById_ThenReturnFoto()" classname="backendJava.client.FotoServiceMockTest" time="0.288"/>
  <system-out><![CDATA[2022-01-26 14:10:17.834  INFO 17496 --- [    Test worker] .b.t.c.SpringBootTestContextBootstrapper : Neither @ContextConfiguration nor @ContextHierarchy found for test class [backendJava.client.FotoServiceMockTest], using SpringBootContextLoader
2022-01-26 14:10:17.835  INFO 17496 --- [    Test worker] o.s.t.c.support.AbstractContextLoader    : Could not detect default resource locations for test class [backendJava.client.FotoServiceMockTest]: no resource found for suffixes {-context.xml, Context.groovy}.
2022-01-26 14:10:17.835  INFO 17496 --- [    Test worker] t.c.s.AnnotationConfigContextLoaderUtils : Could not detect default configuration classes for test class [backendJava.client.FotoServiceMockTest]: FotoServiceMockTest does not declare any static, non-private, non-final, nested classes annotated with @Configuration.
2022-01-26 14:10:17.836  INFO 17496 --- [    Test worker] .b.t.c.SpringBootTestContextBootstrapper : Found @SpringBootConfiguration backendJava.client.ServiceClientApplication for test class backendJava.client.FotoServiceMockTest
2022-01-26 14:10:17.837  INFO 17496 --- [    Test worker] .b.t.c.SpringBootTestContextBootstrapper : Loaded default TestExecutionListener class names from location [META-INF/spring.factories]: [org.springframework.boot.test.autoconfigure.restdocs.RestDocsTestExecutionListener, org.springframework.boot.test.autoconfigure.web.client.MockRestServiceServerResetTestExecutionListener, org.springframework.boot.test.autoconfigure.web.servlet.MockMvcPrintOnlyOnFailureTestExecutionListener, org.springframework.boot.test.autoconfigure.web.servlet.WebDriverTestExecutionListener, org.springframework.boot.test.autoconfigure.webservices.client.MockWebServiceServerTestExecutionListener, org.springframework.boot.test.mock.mockito.MockitoTestExecutionListener, org.springframework.boot.test.mock.mockito.ResetMocksTestExecutionListener, org.springframework.test.context.web.ServletTestExecutionListener, org.springframework.test.context.support.DirtiesContextBeforeModesTestExecutionListener, org.springframework.test.context.event.ApplicationEventsTestExecutionListener, org.springframework.test.context.support.DependencyInjectionTestExecutionListener, org.springframework.test.context.support.DirtiesContextTestExecutionListener, org.springframework.test.context.transaction.TransactionalTestExecutionListener, org.springframework.test.context.jdbc.SqlScriptsTestExecutionListener, org.springframework.test.context.event.EventPublishingTestExecutionListener]
2022-01-26 14:10:17.837  INFO 17496 --- [    Test worker] .b.t.c.SpringBootTestContextBootstrapper : Using TestExecutionListeners: [org.springframework.test.context.web.ServletTestExecutionListener@323dd422, org.springframework.test.context.support.DirtiesContextBeforeModesTestExecutionListener@2f229f60, org.springframework.test.context.event.ApplicationEventsTestExecutionListener@3cdf8aa5, org.springframework.boot.test.mock.mockito.MockitoTestExecutionListener@6dc010a2, org.springframework.boot.test.autoconfigure.SpringBootDependencyInjectionTestExecutionListener@310045fc, org.springframework.test.context.support.DirtiesContextTestExecutionListener@ae20523, org.springframework.test.context.transaction.TransactionalTestExecutionListener@4a282c78, org.springframework.test.context.jdbc.SqlScriptsTestExecutionListener@2700609f, org.springframework.test.context.event.EventPublishingTestExecutionListener@141cee26, org.springframework.boot.test.autoconfigure.restdocs.RestDocsTestExecutionListener@ecd3a9b, org.springframework.boot.test.autoconfigure.web.client.MockRestServiceServerResetTestExecutionListener@58d9cd6, org.springframework.boot.test.autoconfigure.web.servlet.MockMvcPrintOnlyOnFailureTestExecutionListener@21ad0060, org.springframework.boot.test.autoconfigure.web.servlet.WebDriverTestExecutionListener@5233b7ad, org.springframework.boot.test.autoconfigure.webservices.client.MockWebServiceServerTestExecutionListener@354d5692, org.springframework.boot.test.mock.mockito.ResetMocksTestExecutionListener@5c4f07c1]
]]></system-out>
  <system-err><![CDATA[]]></system-err>
</testsuite>
