<?xml version="1.0" encoding="UTF-8"?>
<testsuite name="backendJava.client.ClienteServiceMockTest" tests="1" skipped="0" failures="0" errors="0" timestamp="2022-01-19T22:23:53" hostname="MIGUELHINCAPIE" time="0.082">
  <properties/>
  <testcase name="whenValidCreateCliente_ThenReturnCliente()" classname="backendJava.client.ClienteServiceMockTest" time="0.082"/>
  <system-out><![CDATA[17:23:47.927 [Test worker] DEBUG org.springframework.test.context.BootstrapUtils - Instantiating CacheAwareContextLoaderDelegate from class [org.springframework.test.context.cache.DefaultCacheAwareContextLoaderDelegate]
17:23:47.939 [Test worker] DEBUG org.springframework.test.context.BootstrapUtils - Instantiating BootstrapContext using constructor [public org.springframework.test.context.support.DefaultBootstrapContext(java.lang.Class,org.springframework.test.context.CacheAwareContextLoaderDelegate)]
17:23:47.969 [Test worker] DEBUG org.springframework.test.context.BootstrapUtils - Instantiating TestContextBootstrapper for test class [backendJava.client.ClienteServiceMockTest] from class [org.springframework.boot.test.context.SpringBootTestContextBootstrapper]
17:23:47.980 [Test worker] INFO org.springframework.boot.test.context.SpringBootTestContextBootstrapper - Neither @ContextConfiguration nor @ContextHierarchy found for test class [backendJava.client.ClienteServiceMockTest], using SpringBootContextLoader
17:23:47.983 [Test worker] DEBUG org.springframework.test.context.support.AbstractContextLoader - Did not detect default resource location for test class [backendJava.client.ClienteServiceMockTest]: class path resource [backendJava/client/ClienteServiceMockTest-context.xml] does not exist
17:23:47.983 [Test worker] DEBUG org.springframework.test.context.support.AbstractContextLoader - Did not detect default resource location for test class [backendJava.client.ClienteServiceMockTest]: class path resource [backendJava/client/ClienteServiceMockTestContext.groovy] does not exist
17:23:47.983 [Test worker] INFO org.springframework.test.context.support.AbstractContextLoader - Could not detect default resource locations for test class [backendJava.client.ClienteServiceMockTest]: no resource found for suffixes {-context.xml, Context.groovy}.
17:23:47.983 [Test worker] INFO org.springframework.test.context.support.AnnotationConfigContextLoaderUtils - Could not detect default configuration classes for test class [backendJava.client.ClienteServiceMockTest]: ClienteServiceMockTest does not declare any static, non-private, non-final, nested classes annotated with @Configuration.
17:23:48.027 [Test worker] DEBUG org.springframework.test.context.support.ActiveProfilesUtils - Could not find an 'annotation declaring class' for annotation type [org.springframework.test.context.ActiveProfiles] and class [backendJava.client.ClienteServiceMockTest]
17:23:48.109 [Test worker] DEBUG org.springframework.context.annotation.ClassPathScanningCandidateComponentProvider - Identified candidate component class: file [C:\Users\miguel.hincapie\Downloads\springio\service-client\build\classes\java\main\backendJava\client\ServiceClientApplication.class]
17:23:48.110 [Test worker] INFO org.springframework.boot.test.context.SpringBootTestContextBootstrapper - Found @SpringBootConfiguration backendJava.client.ServiceClientApplication for test class backendJava.client.ClienteServiceMockTest
17:23:48.219 [Test worker] DEBUG org.springframework.boot.test.context.SpringBootTestContextBootstrapper - @TestExecutionListeners is not present for class [backendJava.client.ClienteServiceMockTest]: using defaults.
17:23:48.219 [Test worker] INFO org.springframework.boot.test.context.SpringBootTestContextBootstrapper - Loaded default TestExecutionListener class names from location [META-INF/spring.factories]: [org.springframework.boot.test.autoconfigure.restdocs.RestDocsTestExecutionListener, org.springframework.boot.test.autoconfigure.web.client.MockRestServiceServerResetTestExecutionListener, org.springframework.boot.test.autoconfigure.web.servlet.MockMvcPrintOnlyOnFailureTestExecutionListener, org.springframework.boot.test.autoconfigure.web.servlet.WebDriverTestExecutionListener, org.springframework.boot.test.autoconfigure.webservices.client.MockWebServiceServerTestExecutionListener, org.springframework.boot.test.mock.mockito.MockitoTestExecutionListener, org.springframework.boot.test.mock.mockito.ResetMocksTestExecutionListener, org.springframework.test.context.web.ServletTestExecutionListener, org.springframework.test.context.support.DirtiesContextBeforeModesTestExecutionListener, org.springframework.test.context.event.ApplicationEventsTestExecutionListener, org.springframework.test.context.support.DependencyInjectionTestExecutionListener, org.springframework.test.context.support.DirtiesContextTestExecutionListener, org.springframework.test.context.transaction.TransactionalTestExecutionListener, org.springframework.test.context.jdbc.SqlScriptsTestExecutionListener, org.springframework.test.context.event.EventPublishingTestExecutionListener]
17:23:48.233 [Test worker] INFO org.springframework.boot.test.context.SpringBootTestContextBootstrapper - Using TestExecutionListeners: [org.springframework.test.context.web.ServletTestExecutionListener@c65a5ef, org.springframework.test.context.support.DirtiesContextBeforeModesTestExecutionListener@6b5176f2, org.springframework.test.context.event.ApplicationEventsTestExecutionListener@b672aa8, org.springframework.boot.test.mock.mockito.MockitoTestExecutionListener@2fab4aff, org.springframework.boot.test.autoconfigure.SpringBootDependencyInjectionTestExecutionListener@ec0c838, org.springframework.test.context.support.DirtiesContextTestExecutionListener@6e46d9f4, org.springframework.test.context.transaction.TransactionalTestExecutionListener@5cc69cfe, org.springframework.test.context.jdbc.SqlScriptsTestExecutionListener@29cfd92b, org.springframework.test.context.event.EventPublishingTestExecutionListener@21c64522, org.springframework.boot.test.autoconfigure.restdocs.RestDocsTestExecutionListener@7997b197, org.springframework.boot.test.autoconfigure.web.client.MockRestServiceServerResetTestExecutionListener@11dee337, org.springframework.boot.test.autoconfigure.web.servlet.MockMvcPrintOnlyOnFailureTestExecutionListener@460f76a6, org.springframework.boot.test.autoconfigure.web.servlet.WebDriverTestExecutionListener@55f3c410, org.springframework.boot.test.autoconfigure.webservices.client.MockWebServiceServerTestExecutionListener@11acdc30, org.springframework.boot.test.mock.mockito.ResetMocksTestExecutionListener@770d4269]
17:23:48.236 [Test worker] DEBUG org.springframework.test.context.support.AbstractDirtiesContextTestExecutionListener - Before test class: context [DefaultTestContext@791cbf87 testClass = ClienteServiceMockTest, testInstance = [null], testMethod = [null], testException = [null], mergedContextConfiguration = [WebMergedContextConfiguration@a7e2d9d testClass = ClienteServiceMockTest, locations = '{}', classes = '{class backendJava.client.ServiceClientApplication}', contextInitializerClasses = '[]', activeProfiles = '{}', propertySourceLocations = '{}', propertySourceProperties = '{org.springframework.boot.test.context.SpringBootTestContextBootstrapper=true}', contextCustomizers = set[org.springframework.boot.test.autoconfigure.actuate.metrics.MetricsExportContextCustomizerFactory$DisableMetricExportContextCustomizer@17aad511, org.springframework.boot.test.autoconfigure.properties.PropertyMappingContextCustomizer@0, org.springframework.boot.test.autoconfigure.web.servlet.WebDriverContextCustomizerFactory$Customizer@4879dfad, org.springframework.boot.test.context.filter.ExcludeFilterContextCustomizer@2da59753, org.springframework.boot.test.json.DuplicateJsonObjectContextCustomizerFactory$DuplicateJsonObjectContextCustomizer@12c7a01b, org.springframework.boot.test.mock.mockito.MockitoContextCustomizer@0, org.springframework.boot.test.web.client.TestRestTemplateContextCustomizer@222eb8aa, org.springframework.boot.test.context.SpringBootTestArgs@1, org.springframework.boot.test.context.SpringBootTestWebEnvironment@50b5ac82], resourceBasePath = 'src/main/webapp', contextLoader = 'org.springframework.boot.test.context.SpringBootContextLoader', parent = [null]], attributes = map['org.springframework.test.context.web.ServletTestExecutionListener.activateListener' -> true]], class annotated with @DirtiesContext [false] with mode [null].
17:23:48.268 [Test worker] DEBUG org.springframework.boot.ApplicationServletEnvironment - Activating profiles []
17:23:48.269 [Test worker] DEBUG org.springframework.test.context.support.TestPropertySourceUtils - Adding inlined properties to environment: {spring.jmx.enabled=false, org.springframework.boot.test.context.SpringBootTestContextBootstrapper=true}

  .   ____          _            __ _ _
 /\\ / ___'_ __ _ _(_)_ __  __ _ \ \ \ \
( ( )\___ | '_ | '_| | '_ \/ _` | \ \ \ \
 \\/  ___)| |_)| | | | | || (_| |  ) ) ) )
  '  |____| .__|_| |_|_| |_\__, | / / / /
 =========|_|==============|___/=/_/_/_/
 :: Spring Boot ::                (v2.6.2)

2022-01-19 17:23:48.503  INFO 19144 --- [    Test worker] b.client.ClienteServiceMockTest          : Starting ClienteServiceMockTest using Java 17.0.1 on MIGUELHINCAPIE with PID 19144 (started by miguel.hincapie in C:\Users\miguel.hincapie\Downloads\springio\service-client)
2022-01-19 17:23:48.504  INFO 19144 --- [    Test worker] b.client.ClienteServiceMockTest          : No active profile set, falling back to default profiles: default
2022-01-19 17:23:49.145  INFO 19144 --- [    Test worker] .s.d.r.c.RepositoryConfigurationDelegate : Multiple Spring Data modules found, entering strict repository configuration mode!
2022-01-19 17:23:49.146  INFO 19144 --- [    Test worker] .s.d.r.c.RepositoryConfigurationDelegate : Bootstrapping Spring Data JPA repositories in DEFAULT mode.
2022-01-19 17:23:49.270  INFO 19144 --- [    Test worker] .RepositoryConfigurationExtensionSupport : Spring Data JPA - Could not safely identify store assignment for repository candidate interface backendJava.client.repository.FotoRepository. If you want this repository to be a JPA repository, consider annotating your entities with one of these annotations: javax.persistence.Entity, javax.persistence.MappedSuperclass (preferred), or consider extending one of the following types with your repository: org.springframework.data.jpa.repository.JpaRepository.
2022-01-19 17:23:49.284  INFO 19144 --- [    Test worker] .s.d.r.c.RepositoryConfigurationDelegate : Finished Spring Data repository scanning in 129 ms. Found 1 JPA repository interfaces.
2022-01-19 17:23:49.319  INFO 19144 --- [    Test worker] .s.d.r.c.RepositoryConfigurationDelegate : Multiple Spring Data modules found, entering strict repository configuration mode!
2022-01-19 17:23:49.320  INFO 19144 --- [    Test worker] .s.d.r.c.RepositoryConfigurationDelegate : Bootstrapping Spring Data Reactive MongoDB repositories in DEFAULT mode.
2022-01-19 17:23:49.327  INFO 19144 --- [    Test worker] .RepositoryConfigurationExtensionSupport : Spring Data Reactive MongoDB - Could not safely identify store assignment for repository candidate interface backendJava.client.repository.ClienteRepository. If you want this repository to be a Reactive MongoDB repository, consider annotating your entities with one of these annotations: org.springframework.data.mongodb.core.mapping.Document (preferred), or consider extending one of the following types with your repository: org.springframework.data.mongodb.repository.ReactiveMongoRepository.
2022-01-19 17:23:49.329  INFO 19144 --- [    Test worker] .s.d.r.c.RepositoryConfigurationDelegate : Finished Spring Data repository scanning in 9 ms. Found 0 Reactive MongoDB repository interfaces.
2022-01-19 17:23:49.333  INFO 19144 --- [    Test worker] .s.d.r.c.RepositoryConfigurationDelegate : Multiple Spring Data modules found, entering strict repository configuration mode!
2022-01-19 17:23:49.334  INFO 19144 --- [    Test worker] .s.d.r.c.RepositoryConfigurationDelegate : Bootstrapping Spring Data MongoDB repositories in DEFAULT mode.
2022-01-19 17:23:49.338  INFO 19144 --- [    Test worker] .RepositoryConfigurationExtensionSupport : Spring Data MongoDB - Could not safely identify store assignment for repository candidate interface backendJava.client.repository.ClienteRepository. If you want this repository to be a MongoDB repository, consider annotating your entities with one of these annotations: org.springframework.data.mongodb.core.mapping.Document (preferred), or consider extending one of the following types with your repository: org.springframework.data.mongodb.repository.MongoRepository.
2022-01-19 17:23:49.344  INFO 19144 --- [    Test worker] .s.d.r.c.RepositoryConfigurationDelegate : Finished Spring Data repository scanning in 10 ms. Found 1 MongoDB repository interfaces.
2022-01-19 17:23:49.922  INFO 19144 --- [    Test worker] o.hibernate.jpa.internal.util.LogHelper  : HHH000204: Processing PersistenceUnitInfo [name: default]
2022-01-19 17:23:49.982  INFO 19144 --- [    Test worker] org.hibernate.Version                    : HHH000412: Hibernate ORM core version 5.6.3.Final
2022-01-19 17:23:50.147  INFO 19144 --- [    Test worker] o.hibernate.annotations.common.Version   : HCANN000001: Hibernate Commons Annotations {5.1.2.Final}
2022-01-19 17:23:50.291  INFO 19144 --- [    Test worker] com.zaxxer.hikari.HikariDataSource       : HikariPool-1 - Starting...
2022-01-19 17:23:50.451  INFO 19144 --- [    Test worker] com.zaxxer.hikari.HikariDataSource       : HikariPool-1 - Start completed.
2022-01-19 17:23:50.469  INFO 19144 --- [    Test worker] org.hibernate.dialect.Dialect            : HHH000400: Using dialect: org.hibernate.dialect.H2Dialect
Hibernate: drop table if exists ciudad CASCADE 
Hibernate: drop table if exists cliente CASCADE 
Hibernate: drop table if exists tipoid CASCADE 
Hibernate: create table ciudad (id bigint generated by default as identity, nombre varchar(255), primary key (id))
Hibernate: create table cliente (id bigint generated by default as identity, apellidos varchar(255), edad integer not null, foto varchar(255), nombres varchar(255), numeroidentificacion varchar(255), ciudad_id bigint, tipo_id bigint, primary key (id))
Hibernate: create table tipoid (id bigint generated by default as identity, tipo varchar(255), primary key (id))
Hibernate: alter table cliente add constraint FK1le6orj8lrio9vg2jdayn5kqy foreign key (ciudad_id) references ciudad
Hibernate: alter table cliente add constraint FKtbtuk177y44xx271atkg2a2ky foreign key (tipo_id) references tipoid
2022-01-19 17:23:51.015  INFO 19144 --- [    Test worker] o.h.e.t.j.p.i.JtaPlatformInitiator       : HHH000490: Using JtaPlatform implementation: [org.hibernate.engine.transaction.jta.platform.internal.NoJtaPlatform]
2022-01-19 17:23:51.025  INFO 19144 --- [    Test worker] j.LocalContainerEntityManagerFactoryBean : Initialized JPA EntityManagerFactory for persistence unit 'default'
2022-01-19 17:23:51.656  INFO 19144 --- [    Test worker] org.mongodb.driver.cluster               : Cluster created with settings {hosts=[127.0.0.1:27017], srvHost=cluster0.jxu3e.gcp.mongodb.net, mode=MULTIPLE, requiredClusterType=REPLICA_SET, serverSelectionTimeout='30000 ms', requiredReplicaSetName='Cluster0-shard-0'}
2022-01-19 17:23:51.729  INFO 19144 --- [gcp.mongodb.net] org.mongodb.driver.cluster               : Adding discovered server cluster0-shard-00-00.jxu3e.gcp.mongodb.net:27017 to client view of cluster
2022-01-19 17:23:51.765  INFO 19144 --- [gcp.mongodb.net] org.mongodb.driver.cluster               : Adding discovered server cluster0-shard-00-01.jxu3e.gcp.mongodb.net:27017 to client view of cluster
2022-01-19 17:23:51.766  INFO 19144 --- [gcp.mongodb.net] org.mongodb.driver.cluster               : Adding discovered server cluster0-shard-00-02.jxu3e.gcp.mongodb.net:27017 to client view of cluster
2022-01-19 17:23:52.301  WARN 19144 --- [    Test worker] JpaBaseConfiguration$JpaWebConfiguration : spring.jpa.open-in-view is enabled by default. Therefore, database queries may be performed during view rendering. Explicitly configure spring.jpa.open-in-view to disable this warning
2022-01-19 17:23:52.571  INFO 19144 --- [ngodb.net:27017] org.mongodb.driver.connection            : Opened connection [connectionId{localValue:6, serverValue:1751}] to cluster0-shard-00-00.jxu3e.gcp.mongodb.net:27017
2022-01-19 17:23:52.571  INFO 19144 --- [ngodb.net:27017] org.mongodb.driver.connection            : Opened connection [connectionId{localValue:1, serverValue:1687}] to cluster0-shard-00-01.jxu3e.gcp.mongodb.net:27017
2022-01-19 17:23:52.571  INFO 19144 --- [ngodb.net:27017] org.mongodb.driver.connection            : Opened connection [connectionId{localValue:3, serverValue:1698}] to cluster0-shard-00-01.jxu3e.gcp.mongodb.net:27017
2022-01-19 17:23:52.571  INFO 19144 --- [ngodb.net:27017] org.mongodb.driver.connection            : Opened connection [connectionId{localValue:2, serverValue:1396}] to cluster0-shard-00-02.jxu3e.gcp.mongodb.net:27017
2022-01-19 17:23:52.571  INFO 19144 --- [ngodb.net:27017] org.mongodb.driver.connection            : Opened connection [connectionId{localValue:4, serverValue:1396}] to cluster0-shard-00-02.jxu3e.gcp.mongodb.net:27017
2022-01-19 17:23:52.571  INFO 19144 --- [ngodb.net:27017] org.mongodb.driver.connection            : Opened connection [connectionId{localValue:5, serverValue:1751}] to cluster0-shard-00-00.jxu3e.gcp.mongodb.net:27017
2022-01-19 17:23:52.582  INFO 19144 --- [ngodb.net:27017] org.mongodb.driver.cluster               : Monitor thread successfully connected to server with description ServerDescription{address=cluster0-shard-00-00.jxu3e.gcp.mongodb.net:27017, type=REPLICA_SET_SECONDARY, state=CONNECTED, ok=true, minWireVersion=0, maxWireVersion=9, maxDocumentSize=16777216, logicalSessionTimeoutMinutes=30, roundTripTimeNanos=409063400, setName='Cluster0-shard-0', canonicalAddress=cluster0-shard-00-00.jxu3e.gcp.mongodb.net:27017, hosts=[cluster0-shard-00-01.jxu3e.gcp.mongodb.net:27017, cluster0-shard-00-00.jxu3e.gcp.mongodb.net:27017, cluster0-shard-00-02.jxu3e.gcp.mongodb.net:27017], passives=[], arbiters=[], primary='cluster0-shard-00-01.jxu3e.gcp.mongodb.net:27017', tagSet=TagSet{[Tag{name='nodeType', value='ELECTABLE'}, Tag{name='provider', value='GCP'}, Tag{name='region', value='CENTRAL_US'}, Tag{name='workloadType', value='OPERATIONAL'}]}, electionId=null, setVersion=6, topologyVersion=TopologyVersion{processId=61e8858fe75db6d77aacd916, counter=4}, lastWriteDate=Wed Jan 19 17:23:53 COT 2022, lastUpdateTimeNanos=104812860184600}
2022-01-19 17:23:52.584  INFO 19144 --- [ngodb.net:27017] org.mongodb.driver.cluster               : Monitor thread successfully connected to server with description ServerDescription{address=cluster0-shard-00-02.jxu3e.gcp.mongodb.net:27017, type=REPLICA_SET_SECONDARY, state=CONNECTED, ok=true, minWireVersion=0, maxWireVersion=9, maxDocumentSize=16777216, logicalSessionTimeoutMinutes=30, roundTripTimeNanos=418117800, setName='Cluster0-shard-0', canonicalAddress=cluster0-shard-00-02.jxu3e.gcp.mongodb.net:27017, hosts=[cluster0-shard-00-01.jxu3e.gcp.mongodb.net:27017, cluster0-shard-00-00.jxu3e.gcp.mongodb.net:27017, cluster0-shard-00-02.jxu3e.gcp.mongodb.net:27017], passives=[], arbiters=[], primary='cluster0-shard-00-01.jxu3e.gcp.mongodb.net:27017', tagSet=TagSet{[Tag{name='nodeType', value='ELECTABLE'}, Tag{name='provider', value='GCP'}, Tag{name='region', value='CENTRAL_US'}, Tag{name='workloadType', value='OPERATIONAL'}]}, electionId=null, setVersion=6, topologyVersion=TopologyVersion{processId=61e887e9db7bb4e04e96881d, counter=3}, lastWriteDate=Wed Jan 19 17:23:53 COT 2022, lastUpdateTimeNanos=104812860226800}
2022-01-19 17:23:52.582  INFO 19144 --- [ngodb.net:27017] org.mongodb.driver.cluster               : Monitor thread successfully connected to server with description ServerDescription{address=cluster0-shard-00-01.jxu3e.gcp.mongodb.net:27017, type=REPLICA_SET_PRIMARY, state=CONNECTED, ok=true, minWireVersion=0, maxWireVersion=9, maxDocumentSize=16777216, logicalSessionTimeoutMinutes=30, roundTripTimeNanos=418157200, setName='Cluster0-shard-0', canonicalAddress=cluster0-shard-00-01.jxu3e.gcp.mongodb.net:27017, hosts=[cluster0-shard-00-01.jxu3e.gcp.mongodb.net:27017, cluster0-shard-00-00.jxu3e.gcp.mongodb.net:27017, cluster0-shard-00-02.jxu3e.gcp.mongodb.net:27017], passives=[], arbiters=[], primary='cluster0-shard-00-01.jxu3e.gcp.mongodb.net:27017', tagSet=TagSet{[Tag{name='nodeType', value='ELECTABLE'}, Tag{name='provider', value='GCP'}, Tag{name='region', value='CENTRAL_US'}, Tag{name='workloadType', value='OPERATIONAL'}]}, electionId=7fffffff00000000000001b8, setVersion=6, topologyVersion=TopologyVersion{processId=61e88705ad55d9f7d31fcf43, counter=6}, lastWriteDate=Wed Jan 19 17:23:53 COT 2022, lastUpdateTimeNanos=104812860266200}
2022-01-19 17:23:52.595  INFO 19144 --- [ngodb.net:27017] org.mongodb.driver.cluster               : Setting max election id to 7fffffff00000000000001b8 from replica set primary cluster0-shard-00-01.jxu3e.gcp.mongodb.net:27017
2022-01-19 17:23:52.595  INFO 19144 --- [ngodb.net:27017] org.mongodb.driver.cluster               : Setting max set version to 6 from replica set primary cluster0-shard-00-01.jxu3e.gcp.mongodb.net:27017
2022-01-19 17:23:52.595  INFO 19144 --- [ngodb.net:27017] org.mongodb.driver.cluster               : Discovered replica set primary cluster0-shard-00-01.jxu3e.gcp.mongodb.net:27017
2022-01-19 17:23:52.718  INFO 19144 --- [    Test worker] o.s.b.a.h2.H2ConsoleAutoConfiguration    : H2 console available at '/h2-console'. Database available at 'jdbc:h2:file:~/test'
2022-01-19 17:23:53.339  INFO 19144 --- [    Test worker] org.mongodb.driver.cluster               : Cluster created with settings {hosts=[127.0.0.1:27017], srvHost=cluster0.jxu3e.gcp.mongodb.net, mode=MULTIPLE, requiredClusterType=REPLICA_SET, serverSelectionTimeout='30000 ms', requiredReplicaSetName='Cluster0-shard-0'}
2022-01-19 17:23:53.355  INFO 19144 --- [gcp.mongodb.net] org.mongodb.driver.cluster               : Adding discovered server cluster0-shard-00-00.jxu3e.gcp.mongodb.net:27017 to client view of cluster
2022-01-19 17:23:53.358  INFO 19144 --- [gcp.mongodb.net] org.mongodb.driver.cluster               : Adding discovered server cluster0-shard-00-01.jxu3e.gcp.mongodb.net:27017 to client view of cluster
2022-01-19 17:23:53.359  INFO 19144 --- [gcp.mongodb.net] org.mongodb.driver.cluster               : Adding discovered server cluster0-shard-00-02.jxu3e.gcp.mongodb.net:27017 to client view of cluster
2022-01-19 17:23:53.519  INFO 19144 --- [    Test worker] b.client.ClienteServiceMockTest          : Started ClienteServiceMockTest in 5.249 seconds (JVM running for 6.263)
2022-01-19 17:23:53.719  INFO 19144 --- [ngodb.net:27017] org.mongodb.driver.connection            : Opened connection [connectionId{localValue:7, serverValue:1765}] to cluster0-shard-00-00.jxu3e.gcp.mongodb.net:27017
2022-01-19 17:23:53.719  INFO 19144 --- [ngodb.net:27017] org.mongodb.driver.connection            : Opened connection [connectionId{localValue:11, serverValue:1385}] to cluster0-shard-00-02.jxu3e.gcp.mongodb.net:27017
2022-01-19 17:23:53.720  INFO 19144 --- [ngodb.net:27017] org.mongodb.driver.cluster               : Monitor thread successfully connected to server with description ServerDescription{address=cluster0-shard-00-02.jxu3e.gcp.mongodb.net:27017, type=REPLICA_SET_SECONDARY, state=CONNECTED, ok=true, minWireVersion=0, maxWireVersion=9, maxDocumentSize=16777216, logicalSessionTimeoutMinutes=30, roundTripTimeNanos=237896600, setName='Cluster0-shard-0', canonicalAddress=cluster0-shard-00-02.jxu3e.gcp.mongodb.net:27017, hosts=[cluster0-shard-00-01.jxu3e.gcp.mongodb.net:27017, cluster0-shard-00-00.jxu3e.gcp.mongodb.net:27017, cluster0-shard-00-02.jxu3e.gcp.mongodb.net:27017], passives=[], arbiters=[], primary='cluster0-shard-00-01.jxu3e.gcp.mongodb.net:27017', tagSet=TagSet{[Tag{name='nodeType', value='ELECTABLE'}, Tag{name='provider', value='GCP'}, Tag{name='region', value='CENTRAL_US'}, Tag{name='workloadType', value='OPERATIONAL'}]}, electionId=null, setVersion=6, topologyVersion=TopologyVersion{processId=61e887e9db7bb4e04e96881d, counter=3}, lastWriteDate=Wed Jan 19 17:23:54 COT 2022, lastUpdateTimeNanos=104814010605300}
2022-01-19 17:23:53.723  INFO 19144 --- [ngodb.net:27017] org.mongodb.driver.connection            : Opened connection [connectionId{localValue:10, serverValue:1501}] to cluster0-shard-00-01.jxu3e.gcp.mongodb.net:27017
2022-01-19 17:23:53.739  INFO 19144 --- [ngodb.net:27017] org.mongodb.driver.connection            : Opened connection [connectionId{localValue:9, serverValue:1698}] to cluster0-shard-00-01.jxu3e.gcp.mongodb.net:27017
2022-01-19 17:23:53.740  INFO 19144 --- [ngodb.net:27017] org.mongodb.driver.cluster               : Monitor thread successfully connected to server with description ServerDescription{address=cluster0-shard-00-01.jxu3e.gcp.mongodb.net:27017, type=REPLICA_SET_PRIMARY, state=CONNECTED, ok=true, minWireVersion=0, maxWireVersion=9, maxDocumentSize=16777216, logicalSessionTimeoutMinutes=30, roundTripTimeNanos=257456200, setName='Cluster0-shard-0', canonicalAddress=cluster0-shard-00-01.jxu3e.gcp.mongodb.net:27017, hosts=[cluster0-shard-00-01.jxu3e.gcp.mongodb.net:27017, cluster0-shard-00-00.jxu3e.gcp.mongodb.net:27017, cluster0-shard-00-02.jxu3e.gcp.mongodb.net:27017], passives=[], arbiters=[], primary='cluster0-shard-00-01.jxu3e.gcp.mongodb.net:27017', tagSet=TagSet{[Tag{name='nodeType', value='ELECTABLE'}, Tag{name='provider', value='GCP'}, Tag{name='region', value='CENTRAL_US'}, Tag{name='workloadType', value='OPERATIONAL'}]}, electionId=7fffffff00000000000001b8, setVersion=6, topologyVersion=TopologyVersion{processId=61e88705ad55d9f7d31fcf43, counter=6}, lastWriteDate=Wed Jan 19 17:23:54 COT 2022, lastUpdateTimeNanos=104814031370400}
2022-01-19 17:23:53.741  INFO 19144 --- [ngodb.net:27017] org.mongodb.driver.cluster               : Setting max election id to 7fffffff00000000000001b8 from replica set primary cluster0-shard-00-01.jxu3e.gcp.mongodb.net:27017
2022-01-19 17:23:53.741  INFO 19144 --- [ngodb.net:27017] org.mongodb.driver.cluster               : Setting max set version to 6 from replica set primary cluster0-shard-00-01.jxu3e.gcp.mongodb.net:27017
2022-01-19 17:23:53.741  INFO 19144 --- [ngodb.net:27017] org.mongodb.driver.cluster               : Discovered replica set primary cluster0-shard-00-01.jxu3e.gcp.mongodb.net:27017
2022-01-19 17:23:53.746  INFO 19144 --- [ngodb.net:27017] org.mongodb.driver.connection            : Opened connection [connectionId{localValue:12, serverValue:1385}] to cluster0-shard-00-02.jxu3e.gcp.mongodb.net:27017
2022-01-19 17:23:53.753  INFO 19144 --- [ngodb.net:27017] org.mongodb.driver.connection            : Opened connection [connectionId{localValue:8, serverValue:1771}] to cluster0-shard-00-00.jxu3e.gcp.mongodb.net:27017
2022-01-19 17:23:53.753  INFO 19144 --- [ngodb.net:27017] org.mongodb.driver.cluster               : Monitor thread successfully connected to server with description ServerDescription{address=cluster0-shard-00-00.jxu3e.gcp.mongodb.net:27017, type=REPLICA_SET_SECONDARY, state=CONNECTED, ok=true, minWireVersion=0, maxWireVersion=9, maxDocumentSize=16777216, logicalSessionTimeoutMinutes=30, roundTripTimeNanos=270863900, setName='Cluster0-shard-0', canonicalAddress=cluster0-shard-00-00.jxu3e.gcp.mongodb.net:27017, hosts=[cluster0-shard-00-01.jxu3e.gcp.mongodb.net:27017, cluster0-shard-00-00.jxu3e.gcp.mongodb.net:27017, cluster0-shard-00-02.jxu3e.gcp.mongodb.net:27017], passives=[], arbiters=[], primary='cluster0-shard-00-01.jxu3e.gcp.mongodb.net:27017', tagSet=TagSet{[Tag{name='nodeType', value='ELECTABLE'}, Tag{name='provider', value='GCP'}, Tag{name='region', value='CENTRAL_US'}, Tag{name='workloadType', value='OPERATIONAL'}]}, electionId=null, setVersion=6, topologyVersion=TopologyVersion{processId=61e8858fe75db6d77aacd916, counter=4}, lastWriteDate=Wed Jan 19 17:23:54 COT 2022, lastUpdateTimeNanos=104814044306700}
]]></system-out>
  <system-err><![CDATA[]]></system-err>
</testsuite>
