<?xml version="1.0" encoding="UTF-8"?>
<testsuite name="backendJava.client.FotoRepositoryMockTest" tests="2" skipped="0" failures="0" errors="0" timestamp="2022-01-26T19:10:16" hostname="MIGUELHINCAPIE" time="1.333">
  <properties/>
  <testcase name="findAllTest()" classname="backendJava.client.FotoRepositoryMockTest" time="1.189"/>
  <testcase name="testCreateFoto()" classname="backendJava.client.FotoRepositoryMockTest" time="0.143"/>
  <system-out><![CDATA[2022-01-26 14:10:16.494  INFO 17496 --- [    Test worker] .b.t.c.SpringBootTestContextBootstrapper : Neither @ContextConfiguration nor @ContextHierarchy found for test class [backendJava.client.FotoRepositoryMockTest], using SpringBootContextLoader
2022-01-26 14:10:16.495  INFO 17496 --- [    Test worker] o.s.t.c.support.AbstractContextLoader    : Could not detect default resource locations for test class [backendJava.client.FotoRepositoryMockTest]: no resource found for suffixes {-context.xml, Context.groovy}.
2022-01-26 14:10:16.495  INFO 17496 --- [    Test worker] t.c.s.AnnotationConfigContextLoaderUtils : Could not detect default configuration classes for test class [backendJava.client.FotoRepositoryMockTest]: FotoRepositoryMockTest does not declare any static, non-private, non-final, nested classes annotated with @Configuration.
2022-01-26 14:10:16.497  INFO 17496 --- [    Test worker] .b.t.c.SpringBootTestContextBootstrapper : Found @SpringBootConfiguration backendJava.client.ServiceClientApplication for test class backendJava.client.FotoRepositoryMockTest
2022-01-26 14:10:16.498  INFO 17496 --- [    Test worker] .b.t.c.SpringBootTestContextBootstrapper : Loaded default TestExecutionListener class names from location [META-INF/spring.factories]: [org.springframework.boot.test.autoconfigure.restdocs.RestDocsTestExecutionListener, org.springframework.boot.test.autoconfigure.web.client.MockRestServiceServerResetTestExecutionListener, org.springframework.boot.test.autoconfigure.web.servlet.MockMvcPrintOnlyOnFailureTestExecutionListener, org.springframework.boot.test.autoconfigure.web.servlet.WebDriverTestExecutionListener, org.springframework.boot.test.autoconfigure.webservices.client.MockWebServiceServerTestExecutionListener, org.springframework.boot.test.mock.mockito.MockitoTestExecutionListener, org.springframework.boot.test.mock.mockito.ResetMocksTestExecutionListener, org.springframework.test.context.web.ServletTestExecutionListener, org.springframework.test.context.support.DirtiesContextBeforeModesTestExecutionListener, org.springframework.test.context.event.ApplicationEventsTestExecutionListener, org.springframework.test.context.support.DependencyInjectionTestExecutionListener, org.springframework.test.context.support.DirtiesContextTestExecutionListener, org.springframework.test.context.transaction.TransactionalTestExecutionListener, org.springframework.test.context.jdbc.SqlScriptsTestExecutionListener, org.springframework.test.context.event.EventPublishingTestExecutionListener]
2022-01-26 14:10:16.499  INFO 17496 --- [    Test worker] .b.t.c.SpringBootTestContextBootstrapper : Using TestExecutionListeners: [org.springframework.test.context.web.ServletTestExecutionListener@105c253a, org.springframework.test.context.support.DirtiesContextBeforeModesTestExecutionListener@156322ce, org.springframework.test.context.event.ApplicationEventsTestExecutionListener@546f0f36, org.springframework.boot.test.mock.mockito.MockitoTestExecutionListener@44d5a0a8, org.springframework.boot.test.autoconfigure.SpringBootDependencyInjectionTestExecutionListener@35d128fd, org.springframework.test.context.support.DirtiesContextTestExecutionListener@39a809db, org.springframework.test.context.transaction.TransactionalTestExecutionListener@1512a767, org.springframework.test.context.jdbc.SqlScriptsTestExecutionListener@7c2b858d, org.springframework.test.context.event.EventPublishingTestExecutionListener@4001dc35, org.springframework.boot.test.autoconfigure.restdocs.RestDocsTestExecutionListener@399ef33f, org.springframework.boot.test.autoconfigure.web.client.MockRestServiceServerResetTestExecutionListener@39b752f4, org.springframework.boot.test.autoconfigure.web.servlet.MockMvcPrintOnlyOnFailureTestExecutionListener@1990afa2, org.springframework.boot.test.autoconfigure.web.servlet.WebDriverTestExecutionListener@57be28d1, org.springframework.boot.test.autoconfigure.webservices.client.MockWebServiceServerTestExecutionListener@19f72e12, org.springframework.boot.test.mock.mockito.ResetMocksTestExecutionListener@1ad4ff2a]
2022-01-26 14:10:17.083  INFO 17496 --- [    Test worker] org.mongodb.driver.connection            : Opened connection [connectionId{localValue:13, serverValue:25587}] to cluster0-shard-00-02.jxu3e.gcp.mongodb.net:27017
]]></system-out>
  <system-err><![CDATA[]]></system-err>
</testsuite>
